{"/Users/janellebautista/Developer/Hack_Reactor/team_200_ok/bookings/client/src/components/App.jsx": {"path":"/Users/janellebautista/Developer/Hack_Reactor/team_200_ok/bookings/client/src/components/App.jsx","statementMap":{"0":{"start":{"line":10,"column":4},"end":{"line":10,"column":17}},"1":{"start":{"line":11,"column":4},"end":{"line":21,"column":5}},"2":{"start":{"line":23,"column":4},"end":{"line":23,"column":63}},"3":{"start":{"line":24,"column":4},"end":{"line":24,"column":61}},"4":{"start":{"line":25,"column":4},"end":{"line":25,"column":63}},"5":{"start":{"line":26,"column":4},"end":{"line":26,"column":65}},"6":{"start":{"line":30,"column":4},"end":{"line":40,"column":6}},"7":{"start":{"line":31,"column":17},"end":{"line":31,"column":27}},"8":{"start":{"line":33,"column":6},"end":{"line":33,"column":29}},"9":{"start":{"line":34,"column":6},"end":{"line":36,"column":8}},"10":{"start":{"line":39,"column":6},"end":{"line":39,"column":44}},"11":{"start":{"line":44,"column":21},"end":{"line":44,"column":56}},"12":{"start":{"line":45,"column":14},"end":{"line":45,"column":51}},"13":{"start":{"line":46,"column":4},"end":{"line":109,"column":6}},"14":{"start":{"line":51,"column":18},"end":{"line":51,"column":20}},"15":{"start":{"line":52,"column":17},"end":{"line":52,"column":19}},"16":{"start":{"line":53,"column":21},"end":{"line":53,"column":99}},"17":{"start":{"line":54,"column":21},"end":{"line":56,"column":7}},"18":{"start":{"line":58,"column":6},"end":{"line":97,"column":7}},"19":{"start":{"line":58,"column":19},"end":{"line":58,"column":20}},"20":{"start":{"line":59,"column":25},"end":{"line":59,"column":40}},"21":{"start":{"line":60,"column":8},"end":{"line":60,"column":35}},"22":{"start":{"line":61,"column":8},"end":{"line":96,"column":9}},"23":{"start":{"line":62,"column":27},"end":{"line":62,"column":63}},"24":{"start":{"line":64,"column":10},"end":{"line":66,"column":11}},"25":{"start":{"line":64,"column":23},"end":{"line":64,"column":24}},"26":{"start":{"line":65,"column":12},"end":{"line":65,"column":35}},"27":{"start":{"line":68,"column":10},"end":{"line":68,"column":32}},"28":{"start":{"line":70,"column":10},"end":{"line":73,"column":11}},"29":{"start":{"line":71,"column":12},"end":{"line":71,"column":29}},"30":{"start":{"line":72,"column":12},"end":{"line":72,"column":22}},"31":{"start":{"line":75,"column":15},"end":{"line":96,"column":9}},"32":{"start":{"line":76,"column":10},"end":{"line":76,"column":32}},"33":{"start":{"line":77,"column":10},"end":{"line":77,"column":27}},"34":{"start":{"line":78,"column":10},"end":{"line":78,"column":20}},"35":{"start":{"line":80,"column":15},"end":{"line":96,"column":9}},"36":{"start":{"line":81,"column":10},"end":{"line":81,"column":32}},"37":{"start":{"line":83,"column":10},"end":{"line":90,"column":11}},"38":{"start":{"line":84,"column":28},"end":{"line":84,"column":64}},"39":{"start":{"line":85,"column":36},"end":{"line":85,"column":67}},"40":{"start":{"line":87,"column":12},"end":{"line":89,"column":13}},"41":{"start":{"line":87,"column":25},"end":{"line":87,"column":26}},"42":{"start":{"line":88,"column":14},"end":{"line":88,"column":34}},"43":{"start":{"line":92,"column":10},"end":{"line":92,"column":27}},"44":{"start":{"line":95,"column":10},"end":{"line":95,"column":32}},"45":{"start":{"line":99,"column":6},"end":{"line":99,"column":25}},"46":{"start":{"line":101,"column":6},"end":{"line":104,"column":8}},"47":{"start":{"line":107,"column":6},"end":{"line":107,"column":46}},"48":{"start":{"line":108,"column":6},"end":{"line":108,"column":23}},"49":{"start":{"line":117,"column":4},"end":{"line":174,"column":5}},"50":{"start":{"line":118,"column":6},"end":{"line":131,"column":7}},"51":{"start":{"line":119,"column":8},"end":{"line":130,"column":9}},"52":{"start":{"line":120,"column":10},"end":{"line":122,"column":12}},"53":{"start":{"line":123,"column":15},"end":{"line":130,"column":9}},"54":{"start":{"line":124,"column":10},"end":{"line":129,"column":11}},"55":{"start":{"line":125,"column":12},"end":{"line":128,"column":14}},"56":{"start":{"line":133,"column":6},"end":{"line":145,"column":7}},"57":{"start":{"line":134,"column":8},"end":{"line":144,"column":9}},"58":{"start":{"line":135,"column":10},"end":{"line":138,"column":12}},"59":{"start":{"line":139,"column":15},"end":{"line":144,"column":9}},"60":{"start":{"line":140,"column":10},"end":{"line":143,"column":12}},"61":{"start":{"line":147,"column":6},"end":{"line":173,"column":7}},"62":{"start":{"line":148,"column":8},"end":{"line":153,"column":9}},"63":{"start":{"line":149,"column":10},"end":{"line":152,"column":12}},"64":{"start":{"line":154,"column":13},"end":{"line":173,"column":7}},"65":{"start":{"line":155,"column":8},"end":{"line":160,"column":9}},"66":{"start":{"line":156,"column":10},"end":{"line":159,"column":12}},"67":{"start":{"line":161,"column":13},"end":{"line":173,"column":7}},"68":{"start":{"line":162,"column":8},"end":{"line":172,"column":9}},"69":{"start":{"line":163,"column":10},"end":{"line":165,"column":12}},"70":{"start":{"line":167,"column":10},"end":{"line":171,"column":11}},"71":{"start":{"line":168,"column":12},"end":{"line":170,"column":14}},"72":{"start":{"line":178,"column":4},"end":{"line":180,"column":6}},"73":{"start":{"line":184,"column":4},"end":{"line":186,"column":6}},"74":{"start":{"line":190,"column":16},"end":{"line":190,"column":71}},"75":{"start":{"line":192,"column":4},"end":{"line":246,"column":5}}},"fnMap":{"0":{"name":"(anonymous_0)","decl":{"start":{"line":9,"column":2},"end":{"line":9,"column":3}},"loc":{"start":{"line":9,"column":21},"end":{"line":27,"column":3}},"line":9},"1":{"name":"(anonymous_1)","decl":{"start":{"line":29,"column":2},"end":{"line":29,"column":3}},"loc":{"start":{"line":29,"column":22},"end":{"line":41,"column":3}},"line":29},"2":{"name":"(anonymous_2)","decl":{"start":{"line":31,"column":10},"end":{"line":31,"column":11}},"loc":{"start":{"line":31,"column":17},"end":{"line":31,"column":27}},"line":31},"3":{"name":"(anonymous_3)","decl":{"start":{"line":32,"column":10},"end":{"line":32,"column":11}},"loc":{"start":{"line":32,"column":22},"end":{"line":37,"column":5}},"line":32},"4":{"name":"(anonymous_4)","decl":{"start":{"line":38,"column":4},"end":{"line":38,"column":5}},"loc":{"start":{"line":38,"column":13},"end":{"line":40,"column":5}},"line":38},"5":{"name":"(anonymous_5)","decl":{"start":{"line":43,"column":2},"end":{"line":43,"column":3}},"loc":{"start":{"line":43,"column":27},"end":{"line":110,"column":3}},"line":43},"6":{"name":"(anonymous_6)","decl":{"start":{"line":47,"column":10},"end":{"line":47,"column":11}},"loc":{"start":{"line":47,"column":23},"end":{"line":105,"column":5}},"line":47},"7":{"name":"(anonymous_7)","decl":{"start":{"line":106,"column":11},"end":{"line":106,"column":12}},"loc":{"start":{"line":106,"column":20},"end":{"line":109,"column":5}},"line":106},"8":{"name":"(anonymous_8)","decl":{"start":{"line":116,"column":2},"end":{"line":116,"column":3}},"loc":{"start":{"line":116,"column":32},"end":{"line":175,"column":3}},"line":116},"9":{"name":"(anonymous_9)","decl":{"start":{"line":177,"column":2},"end":{"line":177,"column":3}},"loc":{"start":{"line":177,"column":26},"end":{"line":181,"column":3}},"line":177},"10":{"name":"(anonymous_10)","decl":{"start":{"line":183,"column":2},"end":{"line":183,"column":3}},"loc":{"start":{"line":183,"column":27},"end":{"line":187,"column":3}},"line":183},"11":{"name":"(anonymous_11)","decl":{"start":{"line":189,"column":2},"end":{"line":189,"column":3}},"loc":{"start":{"line":189,"column":11},"end":{"line":247,"column":3}},"line":189}},"branchMap":{"0":{"loc":{"start":{"line":44,"column":21},"end":{"line":44,"column":56}},"type":"cond-expr","locations":[{"start":{"line":44,"column":42},"end":{"line":44,"column":48}},{"start":{"line":44,"column":51},"end":{"line":44,"column":56}}],"line":44},"1":{"loc":{"start":{"line":61,"column":8},"end":{"line":96,"column":9}},"type":"if","locations":[{"start":{"line":61,"column":8},"end":{"line":96,"column":9}},{"start":{"line":61,"column":8},"end":{"line":96,"column":9}}],"line":61},"2":{"loc":{"start":{"line":61,"column":12},"end":{"line":61,"column":54}},"type":"binary-expr","locations":[{"start":{"line":61,"column":12},"end":{"line":61,"column":19}},{"start":{"line":61,"column":23},"end":{"line":61,"column":54}}],"line":61},"3":{"loc":{"start":{"line":70,"column":10},"end":{"line":73,"column":11}},"type":"if","locations":[{"start":{"line":70,"column":10},"end":{"line":73,"column":11}},{"start":{"line":70,"column":10},"end":{"line":73,"column":11}}],"line":70},"4":{"loc":{"start":{"line":75,"column":15},"end":{"line":96,"column":9}},"type":"if","locations":[{"start":{"line":75,"column":15},"end":{"line":96,"column":9}},{"start":{"line":75,"column":15},"end":{"line":96,"column":9}}],"line":75},"5":{"loc":{"start":{"line":75,"column":19},"end":{"line":75,"column":83}},"type":"binary-expr","locations":[{"start":{"line":75,"column":19},"end":{"line":75,"column":52}},{"start":{"line":75,"column":56},"end":{"line":75,"column":83}}],"line":75},"6":{"loc":{"start":{"line":80,"column":15},"end":{"line":96,"column":9}},"type":"if","locations":[{"start":{"line":80,"column":15},"end":{"line":96,"column":9}},{"start":{"line":80,"column":15},"end":{"line":96,"column":9}}],"line":80},"7":{"loc":{"start":{"line":83,"column":10},"end":{"line":90,"column":11}},"type":"if","locations":[{"start":{"line":83,"column":10},"end":{"line":90,"column":11}},{"start":{"line":83,"column":10},"end":{"line":90,"column":11}}],"line":83},"8":{"loc":{"start":{"line":117,"column":4},"end":{"line":174,"column":5}},"type":"if","locations":[{"start":{"line":117,"column":4},"end":{"line":174,"column":5}},{"start":{"line":117,"column":4},"end":{"line":174,"column":5}}],"line":117},"9":{"loc":{"start":{"line":118,"column":6},"end":{"line":131,"column":7}},"type":"if","locations":[{"start":{"line":118,"column":6},"end":{"line":131,"column":7}},{"start":{"line":118,"column":6},"end":{"line":131,"column":7}}],"line":118},"10":{"loc":{"start":{"line":119,"column":8},"end":{"line":130,"column":9}},"type":"if","locations":[{"start":{"line":119,"column":8},"end":{"line":130,"column":9}},{"start":{"line":119,"column":8},"end":{"line":130,"column":9}}],"line":119},"11":{"loc":{"start":{"line":119,"column":12},"end":{"line":119,"column":86}},"type":"binary-expr","locations":[{"start":{"line":119,"column":12},"end":{"line":119,"column":53}},{"start":{"line":119,"column":57},"end":{"line":119,"column":86}}],"line":119},"12":{"loc":{"start":{"line":123,"column":15},"end":{"line":130,"column":9}},"type":"if","locations":[{"start":{"line":123,"column":15},"end":{"line":130,"column":9}},{"start":{"line":123,"column":15},"end":{"line":130,"column":9}}],"line":123},"13":{"loc":{"start":{"line":124,"column":10},"end":{"line":129,"column":11}},"type":"if","locations":[{"start":{"line":124,"column":10},"end":{"line":129,"column":11}},{"start":{"line":124,"column":10},"end":{"line":129,"column":11}}],"line":124},"14":{"loc":{"start":{"line":133,"column":6},"end":{"line":145,"column":7}},"type":"if","locations":[{"start":{"line":133,"column":6},"end":{"line":145,"column":7}},{"start":{"line":133,"column":6},"end":{"line":145,"column":7}}],"line":133},"15":{"loc":{"start":{"line":134,"column":8},"end":{"line":144,"column":9}},"type":"if","locations":[{"start":{"line":134,"column":8},"end":{"line":144,"column":9}},{"start":{"line":134,"column":8},"end":{"line":144,"column":9}}],"line":134},"16":{"loc":{"start":{"line":139,"column":15},"end":{"line":144,"column":9}},"type":"if","locations":[{"start":{"line":139,"column":15},"end":{"line":144,"column":9}},{"start":{"line":139,"column":15},"end":{"line":144,"column":9}}],"line":139},"17":{"loc":{"start":{"line":147,"column":6},"end":{"line":173,"column":7}},"type":"if","locations":[{"start":{"line":147,"column":6},"end":{"line":173,"column":7}},{"start":{"line":147,"column":6},"end":{"line":173,"column":7}}],"line":147},"18":{"loc":{"start":{"line":148,"column":8},"end":{"line":153,"column":9}},"type":"if","locations":[{"start":{"line":148,"column":8},"end":{"line":153,"column":9}},{"start":{"line":148,"column":8},"end":{"line":153,"column":9}}],"line":148},"19":{"loc":{"start":{"line":154,"column":13},"end":{"line":173,"column":7}},"type":"if","locations":[{"start":{"line":154,"column":13},"end":{"line":173,"column":7}},{"start":{"line":154,"column":13},"end":{"line":173,"column":7}}],"line":154},"20":{"loc":{"start":{"line":155,"column":8},"end":{"line":160,"column":9}},"type":"if","locations":[{"start":{"line":155,"column":8},"end":{"line":160,"column":9}},{"start":{"line":155,"column":8},"end":{"line":160,"column":9}}],"line":155},"21":{"loc":{"start":{"line":161,"column":13},"end":{"line":173,"column":7}},"type":"if","locations":[{"start":{"line":161,"column":13},"end":{"line":173,"column":7}},{"start":{"line":161,"column":13},"end":{"line":173,"column":7}}],"line":161},"22":{"loc":{"start":{"line":162,"column":8},"end":{"line":172,"column":9}},"type":"if","locations":[{"start":{"line":162,"column":8},"end":{"line":172,"column":9}},{"start":{"line":162,"column":8},"end":{"line":172,"column":9}}],"line":162},"23":{"loc":{"start":{"line":167,"column":10},"end":{"line":171,"column":11}},"type":"if","locations":[{"start":{"line":167,"column":10},"end":{"line":171,"column":11}},{"start":{"line":167,"column":10},"end":{"line":171,"column":11}}],"line":167},"24":{"loc":{"start":{"line":229,"column":11},"end":{"line":234,"column":12}},"type":"binary-expr","locations":[{"start":{"line":229,"column":11},"end":{"line":229,"column":49}},{"start":{"line":230,"column":10},"end":{"line":234,"column":12}}],"line":229}},"s":{"0":2,"1":2,"2":2,"3":2,"4":2,"5":2,"6":0,"7":0,"8":0,"9":0,"10":0,"11":0,"12":0,"13":0,"14":0,"15":0,"16":0,"17":0,"18":0,"19":0,"20":0,"21":0,"22":0,"23":0,"24":0,"25":0,"26":0,"27":0,"28":0,"29":0,"30":0,"31":0,"32":0,"33":0,"34":0,"35":0,"36":0,"37":0,"38":0,"39":0,"40":0,"41":0,"42":0,"43":0,"44":0,"45":0,"46":0,"47":0,"48":0,"49":0,"50":0,"51":0,"52":0,"53":0,"54":0,"55":0,"56":0,"57":0,"58":0,"59":0,"60":0,"61":0,"62":0,"63":0,"64":0,"65":0,"66":0,"67":0,"68":0,"69":0,"70":0,"71":0,"72":0,"73":0,"74":2,"75":2},"f":{"0":2,"1":0,"2":0,"3":0,"4":0,"5":0,"6":0,"7":0,"8":0,"9":0,"10":0,"11":2},"b":{"0":[0,0],"1":[0,0],"2":[0,0],"3":[0,0],"4":[0,0],"5":[0,0],"6":[0,0],"7":[0,0],"8":[0,0],"9":[0,0],"10":[0,0],"11":[0,0],"12":[0,0],"13":[0,0],"14":[0,0],"15":[0,0],"16":[0,0],"17":[0,0],"18":[0,0],"19":[0,0],"20":[0,0],"21":[0,0],"22":[0,0],"23":[0,0],"24":[2,0]},"_coverageSchema":"43e27e138ebf9cfc5966b082cf9a028302ed4184","hash":"5a7f60d9c72ac35ca78661295e77782f9acd81fb"}
,"/Users/janellebautista/Developer/Hack_Reactor/team_200_ok/bookings/client/src/components/Calendar.jsx": {"path":"/Users/janellebautista/Developer/Hack_Reactor/team_200_ok/bookings/client/src/components/Calendar.jsx","statementMap":{"0":{"start":{"line":6,"column":4},"end":{"line":6,"column":17}},"1":{"start":{"line":7,"column":4},"end":{"line":13,"column":5}},"2":{"start":{"line":15,"column":4},"end":{"line":15,"column":59}},"3":{"start":{"line":16,"column":4},"end":{"line":16,"column":63}},"4":{"start":{"line":17,"column":4},"end":{"line":17,"column":67}},"5":{"start":{"line":18,"column":4},"end":{"line":18,"column":59}},"6":{"start":{"line":24,"column":4},"end":{"line":30,"column":5}},"7":{"start":{"line":25,"column":6},"end":{"line":25,"column":31}},"8":{"start":{"line":26,"column":11},"end":{"line":30,"column":5}},"9":{"start":{"line":27,"column":6},"end":{"line":27,"column":34}},"10":{"start":{"line":28,"column":11},"end":{"line":30,"column":5}},"11":{"start":{"line":29,"column":6},"end":{"line":29,"column":34}},"12":{"start":{"line":32,"column":4},"end":{"line":34,"column":6}},"13":{"start":{"line":38,"column":26},"end":{"line":38,"column":35}},"14":{"start":{"line":39,"column":19},"end":{"line":39,"column":25}},"15":{"start":{"line":41,"column":4},"end":{"line":44,"column":6}},"16":{"start":{"line":48,"column":26},"end":{"line":48,"column":32}},"17":{"start":{"line":49,"column":19},"end":{"line":49,"column":28}},"18":{"start":{"line":51,"column":4},"end":{"line":54,"column":6}},"19":{"start":{"line":58,"column":15},"end":{"line":58,"column":37}},"20":{"start":{"line":59,"column":16},"end":{"line":59,"column":38}},"21":{"start":{"line":60,"column":14},"end":{"line":60,"column":37}},"22":{"start":{"line":61,"column":15},"end":{"line":61,"column":45}},"23":{"start":{"line":63,"column":4},"end":{"line":78,"column":5}},"24":{"start":{"line":64,"column":6},"end":{"line":64,"column":37}},"25":{"start":{"line":65,"column":6},"end":{"line":65,"column":45}},"26":{"start":{"line":66,"column":6},"end":{"line":66,"column":45}},"27":{"start":{"line":67,"column":6},"end":{"line":67,"column":37}},"28":{"start":{"line":68,"column":11},"end":{"line":78,"column":5}},"29":{"start":{"line":69,"column":6},"end":{"line":77,"column":7}},"30":{"start":{"line":70,"column":8},"end":{"line":70,"column":40}},"31":{"start":{"line":71,"column":8},"end":{"line":71,"column":47}},"32":{"start":{"line":72,"column":8},"end":{"line":72,"column":39}},"33":{"start":{"line":73,"column":13},"end":{"line":77,"column":7}},"34":{"start":{"line":74,"column":8},"end":{"line":74,"column":40}},"35":{"start":{"line":75,"column":8},"end":{"line":75,"column":47}},"36":{"start":{"line":76,"column":8},"end":{"line":76,"column":38}},"37":{"start":{"line":82,"column":21},"end":{"line":82,"column":75}},"38":{"start":{"line":84,"column":4},"end":{"line":86,"column":6}},"39":{"start":{"line":91,"column":6},"end":{"line":111,"column":14}},"40":{"start":{"line":94,"column":10},"end":{"line":108,"column":11}},"41":{"start":{"line":97,"column":16},"end":{"line":104,"column":21}},"42":{"start":{"line":100,"column":19},"end":{"line":100,"column":62}},"43":{"start":{"line":115,"column":6},"end":{"line":134,"column":14}},"44":{"start":{"line":118,"column":10},"end":{"line":131,"column":11}},"45":{"start":{"line":121,"column":16},"end":{"line":128,"column":21}},"46":{"start":{"line":124,"column":19},"end":{"line":124,"column":62}},"47":{"start":{"line":137,"column":4},"end":{"line":159,"column":5}},"48":{"start":{"line":144,"column":11},"end":{"line":144,"column":48}},"49":{"start":{"line":145,"column":11},"end":{"line":145,"column":38}},"50":{"start":{"line":146,"column":11},"end":{"line":146,"column":49}},"51":{"start":{"line":149,"column":11},"end":{"line":149,"column":34}},"52":{"start":{"line":152,"column":11},"end":{"line":152,"column":34}}},"fnMap":{"0":{"name":"(anonymous_0)","decl":{"start":{"line":5,"column":2},"end":{"line":5,"column":3}},"loc":{"start":{"line":5,"column":21},"end":{"line":19,"column":3}},"line":5},"1":{"name":"(anonymous_1)","decl":{"start":{"line":21,"column":2},"end":{"line":21,"column":3}},"loc":{"start":{"line":21,"column":21},"end":{"line":35,"column":3}},"line":21},"2":{"name":"(anonymous_2)","decl":{"start":{"line":37,"column":2},"end":{"line":37,"column":3}},"loc":{"start":{"line":37,"column":22},"end":{"line":45,"column":3}},"line":37},"3":{"name":"(anonymous_3)","decl":{"start":{"line":47,"column":2},"end":{"line":47,"column":3}},"loc":{"start":{"line":47,"column":24},"end":{"line":55,"column":3}},"line":47},"4":{"name":"(anonymous_4)","decl":{"start":{"line":57,"column":2},"end":{"line":57,"column":3}},"loc":{"start":{"line":57,"column":37},"end":{"line":79,"column":3}},"line":57},"5":{"name":"(anonymous_5)","decl":{"start":{"line":81,"column":2},"end":{"line":81,"column":3}},"loc":{"start":{"line":81,"column":20},"end":{"line":87,"column":3}},"line":81},"6":{"name":"(anonymous_6)","decl":{"start":{"line":89,"column":2},"end":{"line":89,"column":3}},"loc":{"start":{"line":89,"column":11},"end":{"line":160,"column":3}},"line":89},"7":{"name":"(anonymous_7)","decl":{"start":{"line":93,"column":37},"end":{"line":93,"column":38}},"loc":{"start":{"line":93,"column":54},"end":{"line":109,"column":9}},"line":93},"8":{"name":"(anonymous_8)","decl":{"start":{"line":96,"column":24},"end":{"line":96,"column":25}},"loc":{"start":{"line":97,"column":16},"end":{"line":104,"column":21}},"line":97},"9":{"name":"(anonymous_9)","decl":{"start":{"line":99,"column":26},"end":{"line":99,"column":27}},"loc":{"start":{"line":99,"column":32},"end":{"line":101,"column":18}},"line":99},"10":{"name":"(anonymous_10)","decl":{"start":{"line":117,"column":37},"end":{"line":117,"column":38}},"loc":{"start":{"line":117,"column":54},"end":{"line":132,"column":9}},"line":117},"11":{"name":"(anonymous_11)","decl":{"start":{"line":120,"column":24},"end":{"line":120,"column":25}},"loc":{"start":{"line":121,"column":16},"end":{"line":128,"column":21}},"line":121},"12":{"name":"(anonymous_12)","decl":{"start":{"line":123,"column":26},"end":{"line":123,"column":27}},"loc":{"start":{"line":123,"column":32},"end":{"line":125,"column":18}},"line":123},"13":{"name":"(anonymous_13)","decl":{"start":{"line":143,"column":18},"end":{"line":143,"column":19}},"loc":{"start":{"line":143,"column":24},"end":{"line":147,"column":10}},"line":143},"14":{"name":"(anonymous_14)","decl":{"start":{"line":148,"column":22},"end":{"line":148,"column":23}},"loc":{"start":{"line":148,"column":28},"end":{"line":150,"column":10}},"line":148},"15":{"name":"(anonymous_15)","decl":{"start":{"line":151,"column":23},"end":{"line":151,"column":24}},"loc":{"start":{"line":151,"column":29},"end":{"line":153,"column":10}},"line":151}},"branchMap":{"0":{"loc":{"start":{"line":24,"column":4},"end":{"line":30,"column":5}},"type":"if","locations":[{"start":{"line":24,"column":4},"end":{"line":30,"column":5}},{"start":{"line":24,"column":4},"end":{"line":30,"column":5}}],"line":24},"1":{"loc":{"start":{"line":26,"column":11},"end":{"line":30,"column":5}},"type":"if","locations":[{"start":{"line":26,"column":11},"end":{"line":30,"column":5}},{"start":{"line":26,"column":11},"end":{"line":30,"column":5}}],"line":26},"2":{"loc":{"start":{"line":28,"column":11},"end":{"line":30,"column":5}},"type":"if","locations":[{"start":{"line":28,"column":11},"end":{"line":30,"column":5}},{"start":{"line":28,"column":11},"end":{"line":30,"column":5}}],"line":28},"3":{"loc":{"start":{"line":63,"column":4},"end":{"line":78,"column":5}},"type":"if","locations":[{"start":{"line":63,"column":4},"end":{"line":78,"column":5}},{"start":{"line":63,"column":4},"end":{"line":78,"column":5}}],"line":63},"4":{"loc":{"start":{"line":68,"column":11},"end":{"line":78,"column":5}},"type":"if","locations":[{"start":{"line":68,"column":11},"end":{"line":78,"column":5}},{"start":{"line":68,"column":11},"end":{"line":78,"column":5}}],"line":68},"5":{"loc":{"start":{"line":69,"column":6},"end":{"line":77,"column":7}},"type":"if","locations":[{"start":{"line":69,"column":6},"end":{"line":77,"column":7}},{"start":{"line":69,"column":6},"end":{"line":77,"column":7}}],"line":69},"6":{"loc":{"start":{"line":73,"column":13},"end":{"line":77,"column":7}},"type":"if","locations":[{"start":{"line":73,"column":13},"end":{"line":77,"column":7}},{"start":{"line":73,"column":13},"end":{"line":77,"column":7}}],"line":73},"7":{"loc":{"start":{"line":82,"column":21},"end":{"line":82,"column":75}},"type":"cond-expr","locations":[{"start":{"line":82,"column":55},"end":{"line":82,"column":66}},{"start":{"line":82,"column":69},"end":{"line":82,"column":75}}],"line":82},"8":{"loc":{"start":{"line":102,"column":19},"end":{"line":102,"column":66}},"type":"binary-expr","locations":[{"start":{"line":102,"column":19},"end":{"line":102,"column":60}},{"start":{"line":102,"column":64},"end":{"line":102,"column":66}}],"line":102},"9":{"loc":{"start":{"line":103,"column":19},"end":{"line":103,"column":55}},"type":"binary-expr","locations":[{"start":{"line":103,"column":19},"end":{"line":103,"column":44}},{"start":{"line":103,"column":48},"end":{"line":103,"column":55}}],"line":103},"10":{"loc":{"start":{"line":126,"column":20},"end":{"line":126,"column":67}},"type":"binary-expr","locations":[{"start":{"line":126,"column":20},"end":{"line":126,"column":61}},{"start":{"line":126,"column":65},"end":{"line":126,"column":67}}],"line":126},"11":{"loc":{"start":{"line":127,"column":20},"end":{"line":127,"column":56}},"type":"binary-expr","locations":[{"start":{"line":127,"column":20},"end":{"line":127,"column":45}},{"start":{"line":127,"column":49},"end":{"line":127,"column":56}}],"line":127},"12":{"loc":{"start":{"line":139,"column":9},"end":{"line":139,"column":50}},"type":"binary-expr","locations":[{"start":{"line":139,"column":9},"end":{"line":139,"column":31}},{"start":{"line":139,"column":35},"end":{"line":139,"column":50}}],"line":139},"13":{"loc":{"start":{"line":140,"column":9},"end":{"line":140,"column":52}},"type":"binary-expr","locations":[{"start":{"line":140,"column":9},"end":{"line":140,"column":32}},{"start":{"line":140,"column":36},"end":{"line":140,"column":52}}],"line":140}},"s":{"0":0,"1":0,"2":0,"3":0,"4":0,"5":0,"6":0,"7":0,"8":0,"9":0,"10":0,"11":0,"12":0,"13":0,"14":0,"15":0,"16":0,"17":0,"18":0,"19":0,"20":0,"21":0,"22":0,"23":0,"24":0,"25":0,"26":0,"27":0,"28":0,"29":0,"30":0,"31":0,"32":0,"33":0,"34":0,"35":0,"36":0,"37":0,"38":0,"39":0,"40":0,"41":0,"42":0,"43":0,"44":0,"45":0,"46":0,"47":0,"48":0,"49":0,"50":0,"51":0,"52":0},"f":{"0":0,"1":0,"2":0,"3":0,"4":0,"5":0,"6":0,"7":0,"8":0,"9":0,"10":0,"11":0,"12":0,"13":0,"14":0,"15":0},"b":{"0":[0,0],"1":[0,0],"2":[0,0],"3":[0,0],"4":[0,0],"5":[0,0],"6":[0,0],"7":[0,0],"8":[0,0],"9":[0,0],"10":[0,0],"11":[0,0],"12":[0,0],"13":[0,0]},"_coverageSchema":"43e27e138ebf9cfc5966b082cf9a028302ed4184","hash":"00e311569ebdc9ad4f46b77681acc6ffd68d3a21"}
,"/Users/janellebautista/Developer/Hack_Reactor/team_200_ok/bookings/client/src/components/Dates.jsx": {"path":"/Users/janellebautista/Developer/Hack_Reactor/team_200_ok/bookings/client/src/components/Dates.jsx","statementMap":{"0":{"start":{"line":7,"column":4},"end":{"line":7,"column":17}},"1":{"start":{"line":8,"column":4},"end":{"line":15,"column":5}},"2":{"start":{"line":17,"column":4},"end":{"line":17,"column":51}},"3":{"start":{"line":18,"column":4},"end":{"line":18,"column":77}},"4":{"start":{"line":19,"column":4},"end":{"line":19,"column":79}},"5":{"start":{"line":23,"column":4},"end":{"line":41,"column":5}},"6":{"start":{"line":24,"column":18},"end":{"line":24,"column":73}},"7":{"start":{"line":25,"column":22},"end":{"line":25,"column":82}},"8":{"start":{"line":26,"column":6},"end":{"line":31,"column":8}},"9":{"start":{"line":32,"column":11},"end":{"line":41,"column":5}},"10":{"start":{"line":33,"column":18},"end":{"line":33,"column":74}},"11":{"start":{"line":34,"column":22},"end":{"line":34,"column":83}},"12":{"start":{"line":35,"column":6},"end":{"line":40,"column":8}},"13":{"start":{"line":45,"column":15},"end":{"line":45,"column":60}},"14":{"start":{"line":47,"column":4},"end":{"line":50,"column":6}},"15":{"start":{"line":54,"column":15},"end":{"line":54,"column":61}},"16":{"start":{"line":56,"column":4},"end":{"line":59,"column":6}},"17":{"start":{"line":63,"column":17},"end":{"line":63,"column":139}},"18":{"start":{"line":64,"column":16},"end":{"line":64,"column":44}},"19":{"start":{"line":67,"column":4},"end":{"line":75,"column":5}},"20":{"start":{"line":68,"column":6},"end":{"line":70,"column":7}},"21":{"start":{"line":69,"column":8},"end":{"line":69,"column":36}},"22":{"start":{"line":71,"column":11},"end":{"line":75,"column":5}},"23":{"start":{"line":72,"column":6},"end":{"line":74,"column":7}},"24":{"start":{"line":73,"column":8},"end":{"line":73,"column":36}},"25":{"start":{"line":77,"column":4},"end":{"line":77,"column":37}},"26":{"start":{"line":82,"column":6},"end":{"line":116,"column":12}},"27":{"start":{"line":87,"column":13},"end":{"line":87,"column":60}},"28":{"start":{"line":95,"column":13},"end":{"line":95,"column":56}},"29":{"start":{"line":120,"column":6},"end":{"line":156,"column":12}},"30":{"start":{"line":125,"column":13},"end":{"line":125,"column":60}},"31":{"start":{"line":133,"column":13},"end":{"line":133,"column":56}},"32":{"start":{"line":159,"column":4},"end":{"line":196,"column":5}},"33":{"start":{"line":166,"column":12},"end":{"line":166,"column":41}},"34":{"start":{"line":167,"column":12},"end":{"line":167,"column":44}},"35":{"start":{"line":168,"column":12},"end":{"line":168,"column":42}},"36":{"start":{"line":181,"column":12},"end":{"line":181,"column":41}},"37":{"start":{"line":182,"column":12},"end":{"line":182,"column":45}},"38":{"start":{"line":183,"column":12},"end":{"line":183,"column":42}}},"fnMap":{"0":{"name":"(anonymous_0)","decl":{"start":{"line":6,"column":2},"end":{"line":6,"column":3}},"loc":{"start":{"line":6,"column":21},"end":{"line":20,"column":3}},"line":6},"1":{"name":"(anonymous_1)","decl":{"start":{"line":22,"column":2},"end":{"line":22,"column":3}},"loc":{"start":{"line":22,"column":20},"end":{"line":42,"column":3}},"line":22},"2":{"name":"(anonymous_2)","decl":{"start":{"line":44,"column":2},"end":{"line":44,"column":3}},"loc":{"start":{"line":44,"column":29},"end":{"line":51,"column":3}},"line":44},"3":{"name":"(anonymous_3)","decl":{"start":{"line":53,"column":2},"end":{"line":53,"column":3}},"loc":{"start":{"line":53,"column":30},"end":{"line":60,"column":3}},"line":53},"4":{"name":"(anonymous_4)","decl":{"start":{"line":62,"column":2},"end":{"line":62,"column":3}},"loc":{"start":{"line":62,"column":34},"end":{"line":78,"column":3}},"line":62},"5":{"name":"(anonymous_5)","decl":{"start":{"line":80,"column":2},"end":{"line":80,"column":3}},"loc":{"start":{"line":80,"column":11},"end":{"line":197,"column":3}},"line":80},"6":{"name":"(anonymous_6)","decl":{"start":{"line":86,"column":20},"end":{"line":86,"column":21}},"loc":{"start":{"line":86,"column":26},"end":{"line":88,"column":12}},"line":86},"7":{"name":"(anonymous_7)","decl":{"start":{"line":94,"column":20},"end":{"line":94,"column":21}},"loc":{"start":{"line":94,"column":26},"end":{"line":96,"column":12}},"line":94},"8":{"name":"(anonymous_8)","decl":{"start":{"line":124,"column":20},"end":{"line":124,"column":21}},"loc":{"start":{"line":124,"column":26},"end":{"line":126,"column":12}},"line":124},"9":{"name":"(anonymous_9)","decl":{"start":{"line":132,"column":20},"end":{"line":132,"column":21}},"loc":{"start":{"line":132,"column":26},"end":{"line":134,"column":12}},"line":132},"10":{"name":"(anonymous_10)","decl":{"start":{"line":165,"column":19},"end":{"line":165,"column":20}},"loc":{"start":{"line":165,"column":25},"end":{"line":169,"column":11}},"line":165},"11":{"name":"(anonymous_11)","decl":{"start":{"line":180,"column":19},"end":{"line":180,"column":20}},"loc":{"start":{"line":180,"column":25},"end":{"line":184,"column":11}},"line":180}},"branchMap":{"0":{"loc":{"start":{"line":23,"column":4},"end":{"line":41,"column":5}},"type":"if","locations":[{"start":{"line":23,"column":4},"end":{"line":41,"column":5}},{"start":{"line":23,"column":4},"end":{"line":41,"column":5}}],"line":23},"1":{"loc":{"start":{"line":24,"column":18},"end":{"line":24,"column":73}},"type":"cond-expr","locations":[{"start":{"line":24,"column":55},"end":{"line":24,"column":64}},{"start":{"line":24,"column":67},"end":{"line":24,"column":73}}],"line":24},"2":{"loc":{"start":{"line":25,"column":22},"end":{"line":25,"column":82}},"type":"cond-expr","locations":[{"start":{"line":25,"column":61},"end":{"line":25,"column":70}},{"start":{"line":25,"column":73},"end":{"line":25,"column":82}}],"line":25},"3":{"loc":{"start":{"line":32,"column":11},"end":{"line":41,"column":5}},"type":"if","locations":[{"start":{"line":32,"column":11},"end":{"line":41,"column":5}},{"start":{"line":32,"column":11},"end":{"line":41,"column":5}}],"line":32},"4":{"loc":{"start":{"line":33,"column":18},"end":{"line":33,"column":74}},"type":"cond-expr","locations":[{"start":{"line":33,"column":56},"end":{"line":33,"column":65}},{"start":{"line":33,"column":68},"end":{"line":33,"column":74}}],"line":33},"5":{"loc":{"start":{"line":34,"column":22},"end":{"line":34,"column":83}},"type":"cond-expr","locations":[{"start":{"line":34,"column":62},"end":{"line":34,"column":71}},{"start":{"line":34,"column":74},"end":{"line":34,"column":83}}],"line":34},"6":{"loc":{"start":{"line":45,"column":15},"end":{"line":45,"column":60}},"type":"cond-expr","locations":[{"start":{"line":45,"column":48},"end":{"line":45,"column":53}},{"start":{"line":45,"column":56},"end":{"line":45,"column":60}}],"line":45},"7":{"loc":{"start":{"line":54,"column":15},"end":{"line":54,"column":61}},"type":"cond-expr","locations":[{"start":{"line":54,"column":49},"end":{"line":54,"column":54}},{"start":{"line":54,"column":57},"end":{"line":54,"column":61}}],"line":54},"8":{"loc":{"start":{"line":67,"column":4},"end":{"line":75,"column":5}},"type":"if","locations":[{"start":{"line":67,"column":4},"end":{"line":75,"column":5}},{"start":{"line":67,"column":4},"end":{"line":75,"column":5}}],"line":67},"9":{"loc":{"start":{"line":68,"column":6},"end":{"line":70,"column":7}},"type":"if","locations":[{"start":{"line":68,"column":6},"end":{"line":70,"column":7}},{"start":{"line":68,"column":6},"end":{"line":70,"column":7}}],"line":68},"10":{"loc":{"start":{"line":71,"column":11},"end":{"line":75,"column":5}},"type":"if","locations":[{"start":{"line":71,"column":11},"end":{"line":75,"column":5}},{"start":{"line":71,"column":11},"end":{"line":75,"column":5}}],"line":71},"11":{"loc":{"start":{"line":72,"column":6},"end":{"line":74,"column":7}},"type":"if","locations":[{"start":{"line":72,"column":6},"end":{"line":74,"column":7}},{"start":{"line":72,"column":6},"end":{"line":74,"column":7}}],"line":72},"12":{"loc":{"start":{"line":192,"column":9},"end":{"line":192,"column":63}},"type":"binary-expr","locations":[{"start":{"line":192,"column":9},"end":{"line":192,"column":39}},{"start":{"line":192,"column":43},"end":{"line":192,"column":63}}],"line":192},"13":{"loc":{"start":{"line":193,"column":9},"end":{"line":193,"column":65}},"type":"binary-expr","locations":[{"start":{"line":193,"column":9},"end":{"line":193,"column":40}},{"start":{"line":193,"column":44},"end":{"line":193,"column":65}}],"line":193}},"s":{"0":0,"1":0,"2":0,"3":0,"4":0,"5":0,"6":0,"7":0,"8":0,"9":0,"10":0,"11":0,"12":0,"13":0,"14":0,"15":0,"16":0,"17":0,"18":0,"19":0,"20":0,"21":0,"22":0,"23":0,"24":0,"25":0,"26":0,"27":0,"28":0,"29":0,"30":0,"31":0,"32":0,"33":0,"34":0,"35":0,"36":0,"37":0,"38":0},"f":{"0":0,"1":0,"2":0,"3":0,"4":0,"5":0,"6":0,"7":0,"8":0,"9":0,"10":0,"11":0},"b":{"0":[0,0],"1":[0,0],"2":[0,0],"3":[0,0],"4":[0,0],"5":[0,0],"6":[0,0],"7":[0,0],"8":[0,0],"9":[0,0],"10":[0,0],"11":[0,0],"12":[0,0],"13":[0,0]},"_coverageSchema":"43e27e138ebf9cfc5966b082cf9a028302ed4184","hash":"84b61657ccd1c3c042fd281d00c3d2cf23475c88"}
,"/Users/janellebautista/Developer/Hack_Reactor/team_200_ok/bookings/client/src/components/Guests.jsx": {"path":"/Users/janellebautista/Developer/Hack_Reactor/team_200_ok/bookings/client/src/components/Guests.jsx","statementMap":{"0":{"start":{"line":6,"column":4},"end":{"line":6,"column":17}},"1":{"start":{"line":7,"column":4},"end":{"line":20,"column":5}},"2":{"start":{"line":22,"column":4},"end":{"line":22,"column":61}},"3":{"start":{"line":23,"column":4},"end":{"line":23,"column":59}},"4":{"start":{"line":24,"column":4},"end":{"line":24,"column":63}},"5":{"start":{"line":28,"column":16},"end":{"line":28,"column":69}},"6":{"start":{"line":29,"column":20},"end":{"line":29,"column":78}},"7":{"start":{"line":30,"column":18},"end":{"line":30,"column":91}},"8":{"start":{"line":31,"column":22},"end":{"line":31,"column":94}},"9":{"start":{"line":34,"column":4},"end":{"line":38,"column":5}},"10":{"start":{"line":35,"column":6},"end":{"line":35,"column":64}},"11":{"start":{"line":37,"column":6},"end":{"line":37,"column":111}},"12":{"start":{"line":40,"column":4},"end":{"line":46,"column":6}},"13":{"start":{"line":50,"column":15},"end":{"line":50,"column":50}},"14":{"start":{"line":51,"column":17},"end":{"line":51,"column":108}},"15":{"start":{"line":52,"column":17},"end":{"line":52,"column":66}},"16":{"start":{"line":54,"column":4},"end":{"line":58,"column":6}},"17":{"start":{"line":62,"column":17},"end":{"line":62,"column":73}},"18":{"start":{"line":63,"column":4},"end":{"line":77,"column":5}},"19":{"start":{"line":64,"column":6},"end":{"line":69,"column":8}},"20":{"start":{"line":71,"column":6},"end":{"line":76,"column":8}},"21":{"start":{"line":81,"column":26},"end":{"line":81,"column":81}},"22":{"start":{"line":82,"column":22},"end":{"line":82,"column":65}},"23":{"start":{"line":85,"column":4},"end":{"line":91,"column":5}},"24":{"start":{"line":86,"column":6},"end":{"line":90,"column":7}},"25":{"start":{"line":87,"column":8},"end":{"line":87,"column":62}},"26":{"start":{"line":88,"column":13},"end":{"line":90,"column":7}},"27":{"start":{"line":89,"column":8},"end":{"line":89,"column":61}},"28":{"start":{"line":94,"column":6},"end":{"line":173,"column":12}},"29":{"start":{"line":99,"column":15},"end":{"line":99,"column":55}},"30":{"start":{"line":100,"column":15},"end":{"line":100,"column":45}},"31":{"start":{"line":109,"column":15},"end":{"line":109,"column":60}},"32":{"start":{"line":110,"column":15},"end":{"line":110,"column":50}},"33":{"start":{"line":123,"column":15},"end":{"line":123,"column":57}},"34":{"start":{"line":124,"column":15},"end":{"line":124,"column":45}},"35":{"start":{"line":133,"column":15},"end":{"line":133,"column":62}},"36":{"start":{"line":134,"column":15},"end":{"line":134,"column":50}},"37":{"start":{"line":148,"column":15},"end":{"line":148,"column":56}},"38":{"start":{"line":153,"column":15},"end":{"line":153,"column":61}},"39":{"start":{"line":168,"column":13},"end":{"line":168,"column":37}},"40":{"start":{"line":169,"column":13},"end":{"line":169,"column":36}},"41":{"start":{"line":176,"column":4},"end":{"line":208,"column":5}},"42":{"start":{"line":185,"column":11},"end":{"line":185,"column":35}},"43":{"start":{"line":186,"column":11},"end":{"line":186,"column":34}}},"fnMap":{"0":{"name":"(anonymous_0)","decl":{"start":{"line":5,"column":2},"end":{"line":5,"column":3}},"loc":{"start":{"line":5,"column":21},"end":{"line":25,"column":3}},"line":5},"1":{"name":"(anonymous_1)","decl":{"start":{"line":27,"column":2},"end":{"line":27,"column":3}},"loc":{"start":{"line":27,"column":21},"end":{"line":47,"column":3}},"line":27},"2":{"name":"(anonymous_2)","decl":{"start":{"line":49,"column":2},"end":{"line":49,"column":3}},"loc":{"start":{"line":49,"column":20},"end":{"line":59,"column":3}},"line":49},"3":{"name":"(anonymous_3)","decl":{"start":{"line":61,"column":2},"end":{"line":61,"column":3}},"loc":{"start":{"line":61,"column":26},"end":{"line":78,"column":3}},"line":61},"4":{"name":"(anonymous_4)","decl":{"start":{"line":80,"column":2},"end":{"line":80,"column":3}},"loc":{"start":{"line":80,"column":11},"end":{"line":209,"column":3}},"line":80},"5":{"name":"(anonymous_5)","decl":{"start":{"line":98,"column":22},"end":{"line":98,"column":23}},"loc":{"start":{"line":98,"column":28},"end":{"line":101,"column":14}},"line":98},"6":{"name":"(anonymous_6)","decl":{"start":{"line":108,"column":22},"end":{"line":108,"column":23}},"loc":{"start":{"line":108,"column":28},"end":{"line":111,"column":14}},"line":108},"7":{"name":"(anonymous_7)","decl":{"start":{"line":122,"column":22},"end":{"line":122,"column":23}},"loc":{"start":{"line":122,"column":28},"end":{"line":125,"column":14}},"line":122},"8":{"name":"(anonymous_8)","decl":{"start":{"line":132,"column":22},"end":{"line":132,"column":23}},"loc":{"start":{"line":132,"column":28},"end":{"line":135,"column":14}},"line":132},"9":{"name":"(anonymous_9)","decl":{"start":{"line":147,"column":22},"end":{"line":147,"column":23}},"loc":{"start":{"line":147,"column":28},"end":{"line":149,"column":14}},"line":147},"10":{"name":"(anonymous_10)","decl":{"start":{"line":152,"column":22},"end":{"line":152,"column":23}},"loc":{"start":{"line":152,"column":28},"end":{"line":154,"column":14}},"line":152},"11":{"name":"(anonymous_11)","decl":{"start":{"line":167,"column":20},"end":{"line":167,"column":21}},"loc":{"start":{"line":167,"column":26},"end":{"line":170,"column":12}},"line":167},"12":{"name":"(anonymous_12)","decl":{"start":{"line":184,"column":18},"end":{"line":184,"column":19}},"loc":{"start":{"line":184,"column":24},"end":{"line":187,"column":10}},"line":184}},"branchMap":{"0":{"loc":{"start":{"line":28,"column":16},"end":{"line":28,"column":69}},"type":"cond-expr","locations":[{"start":{"line":28,"column":51},"end":{"line":28,"column":60}},{"start":{"line":28,"column":63},"end":{"line":28,"column":69}}],"line":28},"1":{"loc":{"start":{"line":29,"column":20},"end":{"line":29,"column":78}},"type":"cond-expr","locations":[{"start":{"line":29,"column":57},"end":{"line":29,"column":66}},{"start":{"line":29,"column":69},"end":{"line":29,"column":78}}],"line":29},"2":{"loc":{"start":{"line":30,"column":18},"end":{"line":30,"column":91}},"type":"cond-expr","locations":[{"start":{"line":30,"column":64},"end":{"line":30,"column":73}},{"start":{"line":30,"column":76},"end":{"line":30,"column":91}}],"line":30},"3":{"loc":{"start":{"line":31,"column":22},"end":{"line":31,"column":94}},"type":"cond-expr","locations":[{"start":{"line":31,"column":69},"end":{"line":31,"column":76}},{"start":{"line":31,"column":79},"end":{"line":31,"column":94}}],"line":31},"4":{"loc":{"start":{"line":34,"column":4},"end":{"line":38,"column":5}},"type":"if","locations":[{"start":{"line":34,"column":4},"end":{"line":38,"column":5}},{"start":{"line":34,"column":4},"end":{"line":38,"column":5}}],"line":34},"5":{"loc":{"start":{"line":50,"column":15},"end":{"line":50,"column":50}},"type":"cond-expr","locations":[{"start":{"line":50,"column":38},"end":{"line":50,"column":43}},{"start":{"line":50,"column":46},"end":{"line":50,"column":50}}],"line":50},"6":{"loc":{"start":{"line":51,"column":17},"end":{"line":51,"column":108}},"type":"cond-expr","locations":[{"start":{"line":51,"column":67},"end":{"line":51,"column":86}},{"start":{"line":51,"column":89},"end":{"line":51,"column":108}}],"line":51},"7":{"loc":{"start":{"line":52,"column":17},"end":{"line":52,"column":66}},"type":"cond-expr","locations":[{"start":{"line":52,"column":51},"end":{"line":52,"column":57}},{"start":{"line":52,"column":60},"end":{"line":52,"column":66}}],"line":52},"8":{"loc":{"start":{"line":62,"column":17},"end":{"line":62,"column":73}},"type":"cond-expr","locations":[{"start":{"line":62,"column":34},"end":{"line":62,"column":52}},{"start":{"line":62,"column":55},"end":{"line":62,"column":73}}],"line":62},"9":{"loc":{"start":{"line":63,"column":4},"end":{"line":77,"column":5}},"type":"if","locations":[{"start":{"line":63,"column":4},"end":{"line":77,"column":5}},{"start":{"line":63,"column":4},"end":{"line":77,"column":5}}],"line":63},"10":{"loc":{"start":{"line":81,"column":26},"end":{"line":81,"column":81}},"type":"cond-expr","locations":[{"start":{"line":81,"column":57},"end":{"line":81,"column":64}},{"start":{"line":81,"column":67},"end":{"line":81,"column":81}}],"line":81},"11":{"loc":{"start":{"line":82,"column":22},"end":{"line":82,"column":65}},"type":"cond-expr","locations":[{"start":{"line":82,"column":47},"end":{"line":82,"column":54}},{"start":{"line":82,"column":57},"end":{"line":82,"column":65}}],"line":82},"12":{"loc":{"start":{"line":85,"column":4},"end":{"line":91,"column":5}},"type":"if","locations":[{"start":{"line":85,"column":4},"end":{"line":91,"column":5}},{"start":{"line":85,"column":4},"end":{"line":91,"column":5}}],"line":85},"13":{"loc":{"start":{"line":86,"column":6},"end":{"line":90,"column":7}},"type":"if","locations":[{"start":{"line":86,"column":6},"end":{"line":90,"column":7}},{"start":{"line":86,"column":6},"end":{"line":90,"column":7}}],"line":86},"14":{"loc":{"start":{"line":88,"column":13},"end":{"line":90,"column":7}},"type":"if","locations":[{"start":{"line":88,"column":13},"end":{"line":90,"column":7}},{"start":{"line":88,"column":13},"end":{"line":90,"column":7}}],"line":88},"15":{"loc":{"start":{"line":200,"column":15},"end":{"line":200,"column":60}},"type":"binary-expr","locations":[{"start":{"line":200,"column":15},"end":{"line":200,"column":44}},{"start":{"line":200,"column":48},"end":{"line":200,"column":60}}],"line":200},"16":{"loc":{"start":{"line":206,"column":9},"end":{"line":206,"column":44}},"type":"binary-expr","locations":[{"start":{"line":206,"column":9},"end":{"line":206,"column":29}},{"start":{"line":206,"column":33},"end":{"line":206,"column":44}}],"line":206}},"s":{"0":3,"1":3,"2":3,"3":3,"4":3,"5":2,"6":2,"7":2,"8":2,"9":2,"10":2,"11":0,"12":2,"13":2,"14":2,"15":2,"16":2,"17":0,"18":0,"19":0,"20":0,"21":7,"22":7,"23":7,"24":7,"25":0,"26":7,"27":0,"28":7,"29":0,"30":0,"31":0,"32":0,"33":0,"34":0,"35":0,"36":0,"37":0,"38":0,"39":0,"40":0,"41":7,"42":2,"43":2},"f":{"0":3,"1":2,"2":2,"3":0,"4":7,"5":0,"6":0,"7":0,"8":0,"9":0,"10":0,"11":0,"12":2},"b":{"0":[2,0],"1":[2,0],"2":[2,0],"3":[2,0],"4":[2,0],"5":[0,2],"6":[2,0],"7":[2,0],"8":[0,0],"9":[0,0],"10":[0,7],"11":[0,7],"12":[7,0],"13":[0,7],"14":[0,7],"15":[7,7],"16":[7,2]},"_coverageSchema":"43e27e138ebf9cfc5966b082cf9a028302ed4184","hash":"8f69676680f679677f9b9be66e962aaf4204f562"}
,"/Users/janellebautista/Developer/Hack_Reactor/team_200_ok/bookings/client/src/components/Quote.jsx": {"path":"/Users/janellebautista/Developer/Hack_Reactor/team_200_ok/bookings/client/src/components/Quote.jsx","statementMap":{"0":{"start":{"line":6,"column":4},"end":{"line":6,"column":17}},"1":{"start":{"line":10,"column":16},"end":{"line":10,"column":60}},"2":{"start":{"line":11,"column":22},"end":{"line":11,"column":54}},"3":{"start":{"line":12,"column":23},"end":{"line":12,"column":56}},"4":{"start":{"line":13,"column":19},"end":{"line":13,"column":69}},"5":{"start":{"line":14,"column":21},"end":{"line":14,"column":37}},"6":{"start":{"line":15,"column":21},"end":{"line":15,"column":61}},"7":{"start":{"line":17,"column":22},"end":{"line":17,"column":71}},"8":{"start":{"line":19,"column":6},"end":{"line":25,"column":12}},"9":{"start":{"line":28,"column":24},"end":{"line":28,"column":76}},"10":{"start":{"line":30,"column":6},"end":{"line":36,"column":12}},"11":{"start":{"line":39,"column":26},"end":{"line":39,"column":79}},"12":{"start":{"line":41,"column":6},"end":{"line":47,"column":12}},"13":{"start":{"line":50,"column":24},"end":{"line":50,"column":76}},"14":{"start":{"line":52,"column":6},"end":{"line":58,"column":12}},"15":{"start":{"line":61,"column":21},"end":{"line":61,"column":69}},"16":{"start":{"line":63,"column":6},"end":{"line":69,"column":12}},"17":{"start":{"line":72,"column":16},"end":{"line":73,"column":50}},"18":{"start":{"line":75,"column":4},"end":{"line":104,"column":5}}},"fnMap":{"0":{"name":"(anonymous_0)","decl":{"start":{"line":5,"column":2},"end":{"line":5,"column":3}},"loc":{"start":{"line":5,"column":21},"end":{"line":7,"column":3}},"line":5},"1":{"name":"(anonymous_1)","decl":{"start":{"line":9,"column":2},"end":{"line":9,"column":3}},"loc":{"start":{"line":9,"column":11},"end":{"line":105,"column":3}},"line":9}},"branchMap":{"0":{"loc":{"start":{"line":78,"column":33},"end":{"line":78,"column":66}},"type":"cond-expr","locations":[{"start":{"line":78,"column":48},"end":{"line":78,"column":56}},{"start":{"line":78,"column":59},"end":{"line":78,"column":66}}],"line":78},"1":{"loc":{"start":{"line":84,"column":9},"end":{"line":84,"column":65}},"type":"binary-expr","locations":[{"start":{"line":84,"column":9},"end":{"line":84,"column":47}},{"start":{"line":84,"column":51},"end":{"line":84,"column":65}}],"line":84},"2":{"loc":{"start":{"line":85,"column":9},"end":{"line":85,"column":70}},"type":"binary-expr","locations":[{"start":{"line":85,"column":9},"end":{"line":85,"column":50}},{"start":{"line":85,"column":54},"end":{"line":85,"column":70}}],"line":85},"3":{"loc":{"start":{"line":86,"column":9},"end":{"line":86,"column":73}},"type":"binary-expr","locations":[{"start":{"line":86,"column":9},"end":{"line":86,"column":51}},{"start":{"line":86,"column":55},"end":{"line":86,"column":73}}],"line":86},"4":{"loc":{"start":{"line":87,"column":9},"end":{"line":87,"column":70}},"type":"binary-expr","locations":[{"start":{"line":87,"column":9},"end":{"line":87,"column":50}},{"start":{"line":87,"column":54},"end":{"line":87,"column":70}}],"line":87},"5":{"loc":{"start":{"line":88,"column":9},"end":{"line":88,"column":63}},"type":"binary-expr","locations":[{"start":{"line":88,"column":9},"end":{"line":88,"column":46}},{"start":{"line":88,"column":50},"end":{"line":88,"column":63}}],"line":88}},"s":{"0":0,"1":0,"2":0,"3":0,"4":0,"5":0,"6":0,"7":0,"8":0,"9":0,"10":0,"11":0,"12":0,"13":0,"14":0,"15":0,"16":0,"17":0,"18":0},"f":{"0":0,"1":0},"b":{"0":[0,0],"1":[0,0],"2":[0,0],"3":[0,0],"4":[0,0],"5":[0,0]},"_coverageSchema":"43e27e138ebf9cfc5966b082cf9a028302ed4184","hash":"c927d5a1c2559b3cb102ea22191f8b1912320e01"}
,"/Users/janellebautista/Developer/Hack_Reactor/team_200_ok/bookings/server/index.js": {"path":"/Users/janellebautista/Developer/Hack_Reactor/team_200_ok/bookings/server/index.js","statementMap":{"0":{"start":{"line":1,"column":16},"end":{"line":1,"column":34}},"1":{"start":{"line":2,"column":12},"end":{"line":2,"column":21}},"2":{"start":{"line":3,"column":13},"end":{"line":3,"column":28}},"3":{"start":{"line":4,"column":13},"end":{"line":4,"column":17}},"4":{"start":{"line":5,"column":17},"end":{"line":5,"column":50}},"5":{"start":{"line":6,"column":14},"end":{"line":6,"column":44}},"6":{"start":{"line":7,"column":23},"end":{"line":7,"column":62}},"7":{"start":{"line":8,"column":22},"end":{"line":8,"column":60}},"8":{"start":{"line":10,"column":0},"end":{"line":10,"column":48}},"9":{"start":{"line":11,"column":0},"end":{"line":11,"column":24}},"10":{"start":{"line":12,"column":0},"end":{"line":12,"column":73}},"11":{"start":{"line":14,"column":0},"end":{"line":23,"column":2}},"12":{"start":{"line":15,"column":2},"end":{"line":22,"column":5}},"13":{"start":{"line":17,"column":4},"end":{"line":17,"column":22}},"14":{"start":{"line":20,"column":4},"end":{"line":20,"column":21}},"15":{"start":{"line":21,"column":4},"end":{"line":21,"column":18}},"16":{"start":{"line":25,"column":0},"end":{"line":35,"column":2}},"17":{"start":{"line":26,"column":2},"end":{"line":34,"column":4}},"18":{"start":{"line":28,"column":4},"end":{"line":28,"column":22}},"19":{"start":{"line":31,"column":4},"end":{"line":31,"column":46}},"20":{"start":{"line":32,"column":4},"end":{"line":32,"column":21}},"21":{"start":{"line":33,"column":4},"end":{"line":33,"column":18}},"22":{"start":{"line":37,"column":0},"end":{"line":46,"column":2}},"23":{"start":{"line":38,"column":2},"end":{"line":45,"column":4}},"24":{"start":{"line":40,"column":4},"end":{"line":40,"column":22}},"25":{"start":{"line":43,"column":4},"end":{"line":43,"column":21}},"26":{"start":{"line":44,"column":4},"end":{"line":44,"column":18}},"27":{"start":{"line":50,"column":0},"end":{"line":59,"column":2}},"28":{"start":{"line":51,"column":2},"end":{"line":58,"column":5}},"29":{"start":{"line":53,"column":4},"end":{"line":53,"column":22}},"30":{"start":{"line":56,"column":4},"end":{"line":56,"column":21}},"31":{"start":{"line":57,"column":4},"end":{"line":57,"column":18}},"32":{"start":{"line":63,"column":0},"end":{"line":63,"column":55}},"33":{"start":{"line":65,"column":0},"end":{"line":65,"column":21}}},"fnMap":{"0":{"name":"(anonymous_0)","decl":{"start":{"line":14,"column":36},"end":{"line":14,"column":37}},"loc":{"start":{"line":14,"column":50},"end":{"line":23,"column":1}},"line":14},"1":{"name":"(anonymous_1)","decl":{"start":{"line":16,"column":8},"end":{"line":16,"column":9}},"loc":{"start":{"line":16,"column":21},"end":{"line":18,"column":3}},"line":16},"2":{"name":"(anonymous_2)","decl":{"start":{"line":19,"column":9},"end":{"line":19,"column":10}},"loc":{"start":{"line":19,"column":18},"end":{"line":22,"column":3}},"line":19},"3":{"name":"(anonymous_3)","decl":{"start":{"line":25,"column":40},"end":{"line":25,"column":41}},"loc":{"start":{"line":25,"column":54},"end":{"line":35,"column":1}},"line":25},"4":{"name":"(anonymous_4)","decl":{"start":{"line":27,"column":8},"end":{"line":27,"column":9}},"loc":{"start":{"line":27,"column":21},"end":{"line":29,"column":3}},"line":27},"5":{"name":"(anonymous_5)","decl":{"start":{"line":30,"column":9},"end":{"line":30,"column":10}},"loc":{"start":{"line":30,"column":18},"end":{"line":34,"column":3}},"line":30},"6":{"name":"(anonymous_6)","decl":{"start":{"line":37,"column":42},"end":{"line":37,"column":43}},"loc":{"start":{"line":37,"column":56},"end":{"line":46,"column":1}},"line":37},"7":{"name":"(anonymous_7)","decl":{"start":{"line":39,"column":8},"end":{"line":39,"column":9}},"loc":{"start":{"line":39,"column":21},"end":{"line":41,"column":3}},"line":39},"8":{"name":"(anonymous_8)","decl":{"start":{"line":42,"column":9},"end":{"line":42,"column":10}},"loc":{"start":{"line":42,"column":18},"end":{"line":45,"column":3}},"line":42},"9":{"name":"(anonymous_9)","decl":{"start":{"line":50,"column":41},"end":{"line":50,"column":42}},"loc":{"start":{"line":50,"column":55},"end":{"line":59,"column":1}},"line":50},"10":{"name":"(anonymous_10)","decl":{"start":{"line":52,"column":8},"end":{"line":52,"column":9}},"loc":{"start":{"line":52,"column":21},"end":{"line":54,"column":3}},"line":52},"11":{"name":"(anonymous_11)","decl":{"start":{"line":55,"column":9},"end":{"line":55,"column":10}},"loc":{"start":{"line":55,"column":18},"end":{"line":58,"column":3}},"line":55}},"branchMap":{},"s":{"0":1,"1":1,"2":1,"3":1,"4":1,"5":1,"6":1,"7":1,"8":1,"9":1,"10":1,"11":1,"12":0,"13":0,"14":0,"15":0,"16":1,"17":0,"18":0,"19":0,"20":0,"21":0,"22":1,"23":0,"24":0,"25":0,"26":0,"27":1,"28":1,"29":1,"30":0,"31":0,"32":1,"33":1},"f":{"0":0,"1":0,"2":0,"3":0,"4":0,"5":0,"6":0,"7":0,"8":0,"9":1,"10":1,"11":0},"b":{},"_coverageSchema":"43e27e138ebf9cfc5966b082cf9a028302ed4184","hash":"116149332da914b99f2c9eb1d512e3c06b0285ee"}
,"/Users/janellebautista/Developer/Hack_Reactor/team_200_ok/bookings/server/db/index.js": {"path":"/Users/janellebautista/Developer/Hack_Reactor/team_200_ok/bookings/server/db/index.js","statementMap":{"0":{"start":{"line":1,"column":18},"end":{"line":1,"column":38}},"1":{"start":{"line":2,"column":19},"end":{"line":6,"column":2}},"2":{"start":{"line":8,"column":0},"end":{"line":15,"column":3}},"3":{"start":{"line":11,"column":4},"end":{"line":11,"column":52}},"4":{"start":{"line":14,"column":4},"end":{"line":14,"column":77}},"5":{"start":{"line":17,"column":17},"end":{"line":55,"column":2}},"6":{"start":{"line":57,"column":14},"end":{"line":80,"column":2}},"7":{"start":{"line":82,"column":23},"end":{"line":93,"column":2}},"8":{"start":{"line":95,"column":22},"end":{"line":133,"column":2}},"9":{"start":{"line":135,"column":0},"end":{"line":135,"column":35}},"10":{"start":{"line":136,"column":0},"end":{"line":136,"column":32}},"11":{"start":{"line":138,"column":0},"end":{"line":138,"column":18}},"12":{"start":{"line":140,"column":0},"end":{"line":145,"column":2}}},"fnMap":{"0":{"name":"(anonymous_0)","decl":{"start":{"line":10,"column":8},"end":{"line":10,"column":9}},"loc":{"start":{"line":10,"column":14},"end":{"line":12,"column":3}},"line":10},"1":{"name":"(anonymous_1)","decl":{"start":{"line":13,"column":9},"end":{"line":13,"column":10}},"loc":{"start":{"line":13,"column":18},"end":{"line":15,"column":1}},"line":13}},"branchMap":{},"s":{"0":1,"1":1,"2":1,"3":1,"4":0,"5":1,"6":1,"7":1,"8":1,"9":1,"10":1,"11":1,"12":1},"f":{"0":1,"1":0},"b":{},"_coverageSchema":"43e27e138ebf9cfc5966b082cf9a028302ed4184","hash":"187c154d64f5f90f9f2881a3a22fe7d045f51020"}
}
