{"/Users/janellebautista/Developer/Hack_Reactor/team_200_ok/bookings/client/src/components/App.jsx": {"path":"/Users/janellebautista/Developer/Hack_Reactor/team_200_ok/bookings/client/src/components/App.jsx","statementMap":{"0":{"start":{"line":8,"column":4},"end":{"line":8,"column":17}},"1":{"start":{"line":9,"column":4},"end":{"line":17,"column":5}},"2":{"start":{"line":19,"column":4},"end":{"line":19,"column":63}},"3":{"start":{"line":20,"column":4},"end":{"line":20,"column":61}},"4":{"start":{"line":24,"column":4},"end":{"line":34,"column":6}},"5":{"start":{"line":25,"column":17},"end":{"line":25,"column":27}},"6":{"start":{"line":27,"column":6},"end":{"line":27,"column":29}},"7":{"start":{"line":28,"column":6},"end":{"line":30,"column":8}},"8":{"start":{"line":33,"column":6},"end":{"line":33,"column":44}},"9":{"start":{"line":38,"column":21},"end":{"line":38,"column":56}},"10":{"start":{"line":39,"column":14},"end":{"line":39,"column":51}},"11":{"start":{"line":40,"column":4},"end":{"line":52,"column":6}},"12":{"start":{"line":44,"column":6},"end":{"line":47,"column":8}},"13":{"start":{"line":50,"column":6},"end":{"line":50,"column":46}},"14":{"start":{"line":51,"column":6},"end":{"line":51,"column":23}},"15":{"start":{"line":60,"column":4},"end":{"line":117,"column":5}},"16":{"start":{"line":61,"column":6},"end":{"line":74,"column":7}},"17":{"start":{"line":62,"column":8},"end":{"line":73,"column":9}},"18":{"start":{"line":63,"column":10},"end":{"line":65,"column":12}},"19":{"start":{"line":66,"column":15},"end":{"line":73,"column":9}},"20":{"start":{"line":67,"column":10},"end":{"line":72,"column":11}},"21":{"start":{"line":68,"column":12},"end":{"line":71,"column":14}},"22":{"start":{"line":76,"column":6},"end":{"line":88,"column":7}},"23":{"start":{"line":77,"column":8},"end":{"line":87,"column":9}},"24":{"start":{"line":78,"column":10},"end":{"line":81,"column":12}},"25":{"start":{"line":82,"column":15},"end":{"line":87,"column":9}},"26":{"start":{"line":83,"column":10},"end":{"line":86,"column":12}},"27":{"start":{"line":90,"column":6},"end":{"line":116,"column":7}},"28":{"start":{"line":91,"column":8},"end":{"line":96,"column":9}},"29":{"start":{"line":92,"column":10},"end":{"line":95,"column":12}},"30":{"start":{"line":97,"column":13},"end":{"line":116,"column":7}},"31":{"start":{"line":98,"column":8},"end":{"line":103,"column":9}},"32":{"start":{"line":99,"column":10},"end":{"line":102,"column":12}},"33":{"start":{"line":104,"column":13},"end":{"line":116,"column":7}},"34":{"start":{"line":105,"column":8},"end":{"line":115,"column":9}},"35":{"start":{"line":106,"column":10},"end":{"line":108,"column":12}},"36":{"start":{"line":110,"column":10},"end":{"line":114,"column":11}},"37":{"start":{"line":111,"column":12},"end":{"line":113,"column":14}},"38":{"start":{"line":121,"column":16},"end":{"line":121,"column":71}},"39":{"start":{"line":123,"column":4},"end":{"line":167,"column":5}}},"fnMap":{"0":{"name":"(anonymous_0)","decl":{"start":{"line":7,"column":2},"end":{"line":7,"column":3}},"loc":{"start":{"line":7,"column":21},"end":{"line":21,"column":3}},"line":7},"1":{"name":"(anonymous_1)","decl":{"start":{"line":23,"column":2},"end":{"line":23,"column":3}},"loc":{"start":{"line":23,"column":22},"end":{"line":35,"column":3}},"line":23},"2":{"name":"(anonymous_2)","decl":{"start":{"line":25,"column":10},"end":{"line":25,"column":11}},"loc":{"start":{"line":25,"column":17},"end":{"line":25,"column":27}},"line":25},"3":{"name":"(anonymous_3)","decl":{"start":{"line":26,"column":10},"end":{"line":26,"column":11}},"loc":{"start":{"line":26,"column":22},"end":{"line":31,"column":5}},"line":26},"4":{"name":"(anonymous_4)","decl":{"start":{"line":32,"column":4},"end":{"line":32,"column":5}},"loc":{"start":{"line":32,"column":13},"end":{"line":34,"column":5}},"line":32},"5":{"name":"(anonymous_5)","decl":{"start":{"line":37,"column":2},"end":{"line":37,"column":3}},"loc":{"start":{"line":37,"column":27},"end":{"line":53,"column":3}},"line":37},"6":{"name":"(anonymous_6)","decl":{"start":{"line":41,"column":10},"end":{"line":41,"column":11}},"loc":{"start":{"line":41,"column":23},"end":{"line":48,"column":5}},"line":41},"7":{"name":"(anonymous_7)","decl":{"start":{"line":49,"column":11},"end":{"line":49,"column":12}},"loc":{"start":{"line":49,"column":20},"end":{"line":52,"column":5}},"line":49},"8":{"name":"(anonymous_8)","decl":{"start":{"line":59,"column":2},"end":{"line":59,"column":3}},"loc":{"start":{"line":59,"column":32},"end":{"line":118,"column":3}},"line":59},"9":{"name":"(anonymous_9)","decl":{"start":{"line":120,"column":2},"end":{"line":120,"column":3}},"loc":{"start":{"line":120,"column":11},"end":{"line":168,"column":3}},"line":120}},"branchMap":{"0":{"loc":{"start":{"line":38,"column":21},"end":{"line":38,"column":56}},"type":"cond-expr","locations":[{"start":{"line":38,"column":42},"end":{"line":38,"column":48}},{"start":{"line":38,"column":51},"end":{"line":38,"column":56}}],"line":38},"1":{"loc":{"start":{"line":60,"column":4},"end":{"line":117,"column":5}},"type":"if","locations":[{"start":{"line":60,"column":4},"end":{"line":117,"column":5}},{"start":{"line":60,"column":4},"end":{"line":117,"column":5}}],"line":60},"2":{"loc":{"start":{"line":61,"column":6},"end":{"line":74,"column":7}},"type":"if","locations":[{"start":{"line":61,"column":6},"end":{"line":74,"column":7}},{"start":{"line":61,"column":6},"end":{"line":74,"column":7}}],"line":61},"3":{"loc":{"start":{"line":62,"column":8},"end":{"line":73,"column":9}},"type":"if","locations":[{"start":{"line":62,"column":8},"end":{"line":73,"column":9}},{"start":{"line":62,"column":8},"end":{"line":73,"column":9}}],"line":62},"4":{"loc":{"start":{"line":62,"column":12},"end":{"line":62,"column":86}},"type":"binary-expr","locations":[{"start":{"line":62,"column":12},"end":{"line":62,"column":53}},{"start":{"line":62,"column":57},"end":{"line":62,"column":86}}],"line":62},"5":{"loc":{"start":{"line":66,"column":15},"end":{"line":73,"column":9}},"type":"if","locations":[{"start":{"line":66,"column":15},"end":{"line":73,"column":9}},{"start":{"line":66,"column":15},"end":{"line":73,"column":9}}],"line":66},"6":{"loc":{"start":{"line":67,"column":10},"end":{"line":72,"column":11}},"type":"if","locations":[{"start":{"line":67,"column":10},"end":{"line":72,"column":11}},{"start":{"line":67,"column":10},"end":{"line":72,"column":11}}],"line":67},"7":{"loc":{"start":{"line":76,"column":6},"end":{"line":88,"column":7}},"type":"if","locations":[{"start":{"line":76,"column":6},"end":{"line":88,"column":7}},{"start":{"line":76,"column":6},"end":{"line":88,"column":7}}],"line":76},"8":{"loc":{"start":{"line":77,"column":8},"end":{"line":87,"column":9}},"type":"if","locations":[{"start":{"line":77,"column":8},"end":{"line":87,"column":9}},{"start":{"line":77,"column":8},"end":{"line":87,"column":9}}],"line":77},"9":{"loc":{"start":{"line":82,"column":15},"end":{"line":87,"column":9}},"type":"if","locations":[{"start":{"line":82,"column":15},"end":{"line":87,"column":9}},{"start":{"line":82,"column":15},"end":{"line":87,"column":9}}],"line":82},"10":{"loc":{"start":{"line":90,"column":6},"end":{"line":116,"column":7}},"type":"if","locations":[{"start":{"line":90,"column":6},"end":{"line":116,"column":7}},{"start":{"line":90,"column":6},"end":{"line":116,"column":7}}],"line":90},"11":{"loc":{"start":{"line":91,"column":8},"end":{"line":96,"column":9}},"type":"if","locations":[{"start":{"line":91,"column":8},"end":{"line":96,"column":9}},{"start":{"line":91,"column":8},"end":{"line":96,"column":9}}],"line":91},"12":{"loc":{"start":{"line":97,"column":13},"end":{"line":116,"column":7}},"type":"if","locations":[{"start":{"line":97,"column":13},"end":{"line":116,"column":7}},{"start":{"line":97,"column":13},"end":{"line":116,"column":7}}],"line":97},"13":{"loc":{"start":{"line":98,"column":8},"end":{"line":103,"column":9}},"type":"if","locations":[{"start":{"line":98,"column":8},"end":{"line":103,"column":9}},{"start":{"line":98,"column":8},"end":{"line":103,"column":9}}],"line":98},"14":{"loc":{"start":{"line":104,"column":13},"end":{"line":116,"column":7}},"type":"if","locations":[{"start":{"line":104,"column":13},"end":{"line":116,"column":7}},{"start":{"line":104,"column":13},"end":{"line":116,"column":7}}],"line":104},"15":{"loc":{"start":{"line":105,"column":8},"end":{"line":115,"column":9}},"type":"if","locations":[{"start":{"line":105,"column":8},"end":{"line":115,"column":9}},{"start":{"line":105,"column":8},"end":{"line":115,"column":9}}],"line":105},"16":{"loc":{"start":{"line":110,"column":10},"end":{"line":114,"column":11}},"type":"if","locations":[{"start":{"line":110,"column":10},"end":{"line":114,"column":11}},{"start":{"line":110,"column":10},"end":{"line":114,"column":11}}],"line":110}},"s":{"0":1,"1":1,"2":1,"3":1,"4":0,"5":0,"6":0,"7":0,"8":0,"9":0,"10":0,"11":0,"12":0,"13":0,"14":0,"15":0,"16":0,"17":0,"18":0,"19":0,"20":0,"21":0,"22":0,"23":0,"24":0,"25":0,"26":0,"27":0,"28":0,"29":0,"30":0,"31":0,"32":0,"33":0,"34":0,"35":0,"36":0,"37":0,"38":1,"39":1},"f":{"0":1,"1":0,"2":0,"3":0,"4":0,"5":0,"6":0,"7":0,"8":0,"9":1},"b":{"0":[0,0],"1":[0,0],"2":[0,0],"3":[0,0],"4":[0,0],"5":[0,0],"6":[0,0],"7":[0,0],"8":[0,0],"9":[0,0],"10":[0,0],"11":[0,0],"12":[0,0],"13":[0,0],"14":[0,0],"15":[0,0],"16":[0,0]},"_coverageSchema":"43e27e138ebf9cfc5966b082cf9a028302ed4184","hash":"63abb7d4ff444af771c6bca8ec13be8ad99a8189"}
,"/Users/janellebautista/Developer/Hack_Reactor/team_200_ok/bookings/client/src/components/Dates.jsx": {"path":"/Users/janellebautista/Developer/Hack_Reactor/team_200_ok/bookings/client/src/components/Dates.jsx","statementMap":{"0":{"start":{"line":6,"column":4},"end":{"line":6,"column":17}},"1":{"start":{"line":7,"column":4},"end":{"line":15,"column":5}},"2":{"start":{"line":17,"column":4},"end":{"line":17,"column":63}},"3":{"start":{"line":21,"column":4},"end":{"line":35,"column":5}},"4":{"start":{"line":22,"column":18},"end":{"line":22,"column":73}},"5":{"start":{"line":23,"column":22},"end":{"line":23,"column":82}},"6":{"start":{"line":24,"column":6},"end":{"line":27,"column":8}},"7":{"start":{"line":28,"column":11},"end":{"line":35,"column":5}},"8":{"start":{"line":29,"column":18},"end":{"line":29,"column":74}},"9":{"start":{"line":30,"column":22},"end":{"line":30,"column":83}},"10":{"start":{"line":31,"column":6},"end":{"line":34,"column":8}},"11":{"start":{"line":39,"column":15},"end":{"line":39,"column":53}},"12":{"start":{"line":41,"column":4},"end":{"line":43,"column":6}},"13":{"start":{"line":48,"column":6},"end":{"line":123,"column":12}},"14":{"start":{"line":69,"column":16},"end":{"line":69,"column":75}},"15":{"start":{"line":126,"column":4},"end":{"line":160,"column":5}},"16":{"start":{"line":133,"column":12},"end":{"line":133,"column":41}},"17":{"start":{"line":134,"column":12},"end":{"line":134,"column":37}},"18":{"start":{"line":135,"column":12},"end":{"line":135,"column":42}},"19":{"start":{"line":148,"column":12},"end":{"line":148,"column":41}}},"fnMap":{"0":{"name":"(anonymous_0)","decl":{"start":{"line":5,"column":2},"end":{"line":5,"column":3}},"loc":{"start":{"line":5,"column":21},"end":{"line":18,"column":3}},"line":5},"1":{"name":"(anonymous_1)","decl":{"start":{"line":20,"column":2},"end":{"line":20,"column":3}},"loc":{"start":{"line":20,"column":20},"end":{"line":36,"column":3}},"line":20},"2":{"name":"(anonymous_2)","decl":{"start":{"line":38,"column":2},"end":{"line":38,"column":3}},"loc":{"start":{"line":38,"column":22},"end":{"line":44,"column":3}},"line":38},"3":{"name":"(anonymous_3)","decl":{"start":{"line":46,"column":2},"end":{"line":46,"column":3}},"loc":{"start":{"line":46,"column":11},"end":{"line":161,"column":3}},"line":46},"4":{"name":"(anonymous_4)","decl":{"start":{"line":68,"column":39},"end":{"line":68,"column":40}},"loc":{"start":{"line":69,"column":16},"end":{"line":69,"column":75}},"line":69},"5":{"name":"(anonymous_5)","decl":{"start":{"line":132,"column":19},"end":{"line":132,"column":20}},"loc":{"start":{"line":132,"column":25},"end":{"line":136,"column":11}},"line":132},"6":{"name":"(anonymous_6)","decl":{"start":{"line":147,"column":19},"end":{"line":147,"column":20}},"loc":{"start":{"line":147,"column":25},"end":{"line":149,"column":11}},"line":147}},"branchMap":{"0":{"loc":{"start":{"line":21,"column":4},"end":{"line":35,"column":5}},"type":"if","locations":[{"start":{"line":21,"column":4},"end":{"line":35,"column":5}},{"start":{"line":21,"column":4},"end":{"line":35,"column":5}}],"line":21},"1":{"loc":{"start":{"line":22,"column":18},"end":{"line":22,"column":73}},"type":"cond-expr","locations":[{"start":{"line":22,"column":55},"end":{"line":22,"column":64}},{"start":{"line":22,"column":67},"end":{"line":22,"column":73}}],"line":22},"2":{"loc":{"start":{"line":23,"column":22},"end":{"line":23,"column":82}},"type":"cond-expr","locations":[{"start":{"line":23,"column":61},"end":{"line":23,"column":70}},{"start":{"line":23,"column":73},"end":{"line":23,"column":82}}],"line":23},"3":{"loc":{"start":{"line":28,"column":11},"end":{"line":35,"column":5}},"type":"if","locations":[{"start":{"line":28,"column":11},"end":{"line":35,"column":5}},{"start":{"line":28,"column":11},"end":{"line":35,"column":5}}],"line":28},"4":{"loc":{"start":{"line":29,"column":18},"end":{"line":29,"column":74}},"type":"cond-expr","locations":[{"start":{"line":29,"column":56},"end":{"line":29,"column":65}},{"start":{"line":29,"column":68},"end":{"line":29,"column":74}}],"line":29},"5":{"loc":{"start":{"line":30,"column":22},"end":{"line":30,"column":83}},"type":"cond-expr","locations":[{"start":{"line":30,"column":62},"end":{"line":30,"column":71}},{"start":{"line":30,"column":74},"end":{"line":30,"column":83}}],"line":30},"6":{"loc":{"start":{"line":39,"column":15},"end":{"line":39,"column":53}},"type":"cond-expr","locations":[{"start":{"line":39,"column":41},"end":{"line":39,"column":46}},{"start":{"line":39,"column":49},"end":{"line":39,"column":53}}],"line":39},"7":{"loc":{"start":{"line":157,"column":9},"end":{"line":157,"column":49}},"type":"binary-expr","locations":[{"start":{"line":157,"column":9},"end":{"line":157,"column":32}},{"start":{"line":157,"column":36},"end":{"line":157,"column":49}}],"line":157}},"s":{"0":0,"1":0,"2":0,"3":0,"4":0,"5":0,"6":0,"7":0,"8":0,"9":0,"10":0,"11":0,"12":0,"13":0,"14":0,"15":0,"16":0,"17":0,"18":0,"19":0},"f":{"0":0,"1":0,"2":0,"3":0,"4":0,"5":0,"6":0},"b":{"0":[0,0],"1":[0,0],"2":[0,0],"3":[0,0],"4":[0,0],"5":[0,0],"6":[0,0],"7":[0,0]},"_coverageSchema":"43e27e138ebf9cfc5966b082cf9a028302ed4184","hash":"a4978d24b6838f5965d3609360696482f552fbc4"}
,"/Users/janellebautista/Developer/Hack_Reactor/team_200_ok/bookings/client/src/components/Guests.jsx": {"path":"/Users/janellebautista/Developer/Hack_Reactor/team_200_ok/bookings/client/src/components/Guests.jsx","statementMap":{"0":{"start":{"line":5,"column":4},"end":{"line":5,"column":17}},"1":{"start":{"line":6,"column":4},"end":{"line":19,"column":5}},"2":{"start":{"line":21,"column":4},"end":{"line":21,"column":61}},"3":{"start":{"line":22,"column":4},"end":{"line":22,"column":59}},"4":{"start":{"line":23,"column":4},"end":{"line":23,"column":63}},"5":{"start":{"line":27,"column":16},"end":{"line":27,"column":69}},"6":{"start":{"line":28,"column":20},"end":{"line":28,"column":78}},"7":{"start":{"line":29,"column":18},"end":{"line":29,"column":91}},"8":{"start":{"line":30,"column":22},"end":{"line":30,"column":94}},"9":{"start":{"line":33,"column":4},"end":{"line":37,"column":5}},"10":{"start":{"line":34,"column":6},"end":{"line":34,"column":64}},"11":{"start":{"line":36,"column":6},"end":{"line":36,"column":111}},"12":{"start":{"line":39,"column":4},"end":{"line":45,"column":6}},"13":{"start":{"line":49,"column":15},"end":{"line":49,"column":50}},"14":{"start":{"line":50,"column":17},"end":{"line":50,"column":108}},"15":{"start":{"line":51,"column":17},"end":{"line":51,"column":66}},"16":{"start":{"line":53,"column":4},"end":{"line":57,"column":6}},"17":{"start":{"line":61,"column":17},"end":{"line":61,"column":73}},"18":{"start":{"line":62,"column":4},"end":{"line":76,"column":5}},"19":{"start":{"line":63,"column":6},"end":{"line":68,"column":8}},"20":{"start":{"line":70,"column":6},"end":{"line":75,"column":8}},"21":{"start":{"line":81,"column":26},"end":{"line":81,"column":81}},"22":{"start":{"line":82,"column":22},"end":{"line":82,"column":65}},"23":{"start":{"line":85,"column":4},"end":{"line":91,"column":5}},"24":{"start":{"line":86,"column":6},"end":{"line":90,"column":7}},"25":{"start":{"line":87,"column":8},"end":{"line":87,"column":62}},"26":{"start":{"line":88,"column":13},"end":{"line":90,"column":7}},"27":{"start":{"line":89,"column":8},"end":{"line":89,"column":61}},"28":{"start":{"line":94,"column":6},"end":{"line":173,"column":12}},"29":{"start":{"line":99,"column":15},"end":{"line":99,"column":55}},"30":{"start":{"line":100,"column":15},"end":{"line":100,"column":45}},"31":{"start":{"line":109,"column":15},"end":{"line":109,"column":60}},"32":{"start":{"line":110,"column":15},"end":{"line":110,"column":50}},"33":{"start":{"line":123,"column":15},"end":{"line":123,"column":57}},"34":{"start":{"line":124,"column":15},"end":{"line":124,"column":45}},"35":{"start":{"line":133,"column":15},"end":{"line":133,"column":62}},"36":{"start":{"line":134,"column":15},"end":{"line":134,"column":50}},"37":{"start":{"line":148,"column":15},"end":{"line":148,"column":56}},"38":{"start":{"line":153,"column":15},"end":{"line":153,"column":61}},"39":{"start":{"line":168,"column":13},"end":{"line":168,"column":37}},"40":{"start":{"line":169,"column":13},"end":{"line":169,"column":36}},"41":{"start":{"line":176,"column":4},"end":{"line":208,"column":5}},"42":{"start":{"line":185,"column":11},"end":{"line":185,"column":35}},"43":{"start":{"line":186,"column":11},"end":{"line":186,"column":34}}},"fnMap":{"0":{"name":"(anonymous_0)","decl":{"start":{"line":4,"column":2},"end":{"line":4,"column":3}},"loc":{"start":{"line":4,"column":21},"end":{"line":24,"column":3}},"line":4},"1":{"name":"(anonymous_1)","decl":{"start":{"line":26,"column":2},"end":{"line":26,"column":3}},"loc":{"start":{"line":26,"column":21},"end":{"line":46,"column":3}},"line":26},"2":{"name":"(anonymous_2)","decl":{"start":{"line":48,"column":2},"end":{"line":48,"column":3}},"loc":{"start":{"line":48,"column":20},"end":{"line":58,"column":3}},"line":48},"3":{"name":"(anonymous_3)","decl":{"start":{"line":60,"column":2},"end":{"line":60,"column":3}},"loc":{"start":{"line":60,"column":26},"end":{"line":77,"column":3}},"line":60},"4":{"name":"(anonymous_4)","decl":{"start":{"line":79,"column":2},"end":{"line":79,"column":3}},"loc":{"start":{"line":79,"column":11},"end":{"line":209,"column":3}},"line":79},"5":{"name":"(anonymous_5)","decl":{"start":{"line":98,"column":22},"end":{"line":98,"column":23}},"loc":{"start":{"line":98,"column":28},"end":{"line":101,"column":14}},"line":98},"6":{"name":"(anonymous_6)","decl":{"start":{"line":108,"column":22},"end":{"line":108,"column":23}},"loc":{"start":{"line":108,"column":28},"end":{"line":111,"column":14}},"line":108},"7":{"name":"(anonymous_7)","decl":{"start":{"line":122,"column":22},"end":{"line":122,"column":23}},"loc":{"start":{"line":122,"column":28},"end":{"line":125,"column":14}},"line":122},"8":{"name":"(anonymous_8)","decl":{"start":{"line":132,"column":22},"end":{"line":132,"column":23}},"loc":{"start":{"line":132,"column":28},"end":{"line":135,"column":14}},"line":132},"9":{"name":"(anonymous_9)","decl":{"start":{"line":147,"column":22},"end":{"line":147,"column":23}},"loc":{"start":{"line":147,"column":28},"end":{"line":149,"column":14}},"line":147},"10":{"name":"(anonymous_10)","decl":{"start":{"line":152,"column":22},"end":{"line":152,"column":23}},"loc":{"start":{"line":152,"column":28},"end":{"line":154,"column":14}},"line":152},"11":{"name":"(anonymous_11)","decl":{"start":{"line":167,"column":20},"end":{"line":167,"column":21}},"loc":{"start":{"line":167,"column":26},"end":{"line":170,"column":12}},"line":167},"12":{"name":"(anonymous_12)","decl":{"start":{"line":184,"column":18},"end":{"line":184,"column":19}},"loc":{"start":{"line":184,"column":24},"end":{"line":187,"column":10}},"line":184}},"branchMap":{"0":{"loc":{"start":{"line":27,"column":16},"end":{"line":27,"column":69}},"type":"cond-expr","locations":[{"start":{"line":27,"column":51},"end":{"line":27,"column":60}},{"start":{"line":27,"column":63},"end":{"line":27,"column":69}}],"line":27},"1":{"loc":{"start":{"line":28,"column":20},"end":{"line":28,"column":78}},"type":"cond-expr","locations":[{"start":{"line":28,"column":57},"end":{"line":28,"column":66}},{"start":{"line":28,"column":69},"end":{"line":28,"column":78}}],"line":28},"2":{"loc":{"start":{"line":29,"column":18},"end":{"line":29,"column":91}},"type":"cond-expr","locations":[{"start":{"line":29,"column":64},"end":{"line":29,"column":73}},{"start":{"line":29,"column":76},"end":{"line":29,"column":91}}],"line":29},"3":{"loc":{"start":{"line":30,"column":22},"end":{"line":30,"column":94}},"type":"cond-expr","locations":[{"start":{"line":30,"column":69},"end":{"line":30,"column":76}},{"start":{"line":30,"column":79},"end":{"line":30,"column":94}}],"line":30},"4":{"loc":{"start":{"line":33,"column":4},"end":{"line":37,"column":5}},"type":"if","locations":[{"start":{"line":33,"column":4},"end":{"line":37,"column":5}},{"start":{"line":33,"column":4},"end":{"line":37,"column":5}}],"line":33},"5":{"loc":{"start":{"line":49,"column":15},"end":{"line":49,"column":50}},"type":"cond-expr","locations":[{"start":{"line":49,"column":38},"end":{"line":49,"column":43}},{"start":{"line":49,"column":46},"end":{"line":49,"column":50}}],"line":49},"6":{"loc":{"start":{"line":50,"column":17},"end":{"line":50,"column":108}},"type":"cond-expr","locations":[{"start":{"line":50,"column":67},"end":{"line":50,"column":86}},{"start":{"line":50,"column":89},"end":{"line":50,"column":108}}],"line":50},"7":{"loc":{"start":{"line":51,"column":17},"end":{"line":51,"column":66}},"type":"cond-expr","locations":[{"start":{"line":51,"column":51},"end":{"line":51,"column":57}},{"start":{"line":51,"column":60},"end":{"line":51,"column":66}}],"line":51},"8":{"loc":{"start":{"line":61,"column":17},"end":{"line":61,"column":73}},"type":"cond-expr","locations":[{"start":{"line":61,"column":34},"end":{"line":61,"column":52}},{"start":{"line":61,"column":55},"end":{"line":61,"column":73}}],"line":61},"9":{"loc":{"start":{"line":62,"column":4},"end":{"line":76,"column":5}},"type":"if","locations":[{"start":{"line":62,"column":4},"end":{"line":76,"column":5}},{"start":{"line":62,"column":4},"end":{"line":76,"column":5}}],"line":62},"10":{"loc":{"start":{"line":81,"column":26},"end":{"line":81,"column":81}},"type":"cond-expr","locations":[{"start":{"line":81,"column":57},"end":{"line":81,"column":64}},{"start":{"line":81,"column":67},"end":{"line":81,"column":81}}],"line":81},"11":{"loc":{"start":{"line":82,"column":22},"end":{"line":82,"column":65}},"type":"cond-expr","locations":[{"start":{"line":82,"column":47},"end":{"line":82,"column":54}},{"start":{"line":82,"column":57},"end":{"line":82,"column":65}}],"line":82},"12":{"loc":{"start":{"line":85,"column":4},"end":{"line":91,"column":5}},"type":"if","locations":[{"start":{"line":85,"column":4},"end":{"line":91,"column":5}},{"start":{"line":85,"column":4},"end":{"line":91,"column":5}}],"line":85},"13":{"loc":{"start":{"line":86,"column":6},"end":{"line":90,"column":7}},"type":"if","locations":[{"start":{"line":86,"column":6},"end":{"line":90,"column":7}},{"start":{"line":86,"column":6},"end":{"line":90,"column":7}}],"line":86},"14":{"loc":{"start":{"line":88,"column":13},"end":{"line":90,"column":7}},"type":"if","locations":[{"start":{"line":88,"column":13},"end":{"line":90,"column":7}},{"start":{"line":88,"column":13},"end":{"line":90,"column":7}}],"line":88},"15":{"loc":{"start":{"line":200,"column":15},"end":{"line":200,"column":60}},"type":"binary-expr","locations":[{"start":{"line":200,"column":15},"end":{"line":200,"column":44}},{"start":{"line":200,"column":48},"end":{"line":200,"column":60}}],"line":200},"16":{"loc":{"start":{"line":206,"column":9},"end":{"line":206,"column":44}},"type":"binary-expr","locations":[{"start":{"line":206,"column":9},"end":{"line":206,"column":29}},{"start":{"line":206,"column":33},"end":{"line":206,"column":44}}],"line":206}},"s":{"0":0,"1":0,"2":0,"3":0,"4":0,"5":0,"6":0,"7":0,"8":0,"9":0,"10":0,"11":0,"12":0,"13":0,"14":0,"15":0,"16":0,"17":0,"18":0,"19":0,"20":0,"21":0,"22":0,"23":0,"24":0,"25":0,"26":0,"27":0,"28":0,"29":0,"30":0,"31":0,"32":0,"33":0,"34":0,"35":0,"36":0,"37":0,"38":0,"39":0,"40":0,"41":0,"42":0,"43":0},"f":{"0":0,"1":0,"2":0,"3":0,"4":0,"5":0,"6":0,"7":0,"8":0,"9":0,"10":0,"11":0,"12":0},"b":{"0":[0,0],"1":[0,0],"2":[0,0],"3":[0,0],"4":[0,0],"5":[0,0],"6":[0,0],"7":[0,0],"8":[0,0],"9":[0,0],"10":[0,0],"11":[0,0],"12":[0,0],"13":[0,0],"14":[0,0],"15":[0,0],"16":[0,0]},"_coverageSchema":"43e27e138ebf9cfc5966b082cf9a028302ed4184","hash":"ce38c3ffe2cece0969268bbcd388dbd8089a0b81"}
,"/Users/janellebautista/Developer/Hack_Reactor/team_200_ok/bookings/server/index.js": {"path":"/Users/janellebautista/Developer/Hack_Reactor/team_200_ok/bookings/server/index.js","statementMap":{"0":{"start":{"line":1,"column":16},"end":{"line":1,"column":34}},"1":{"start":{"line":2,"column":12},"end":{"line":2,"column":21}},"2":{"start":{"line":3,"column":13},"end":{"line":3,"column":28}},"3":{"start":{"line":4,"column":13},"end":{"line":4,"column":17}},"4":{"start":{"line":5,"column":17},"end":{"line":5,"column":50}},"5":{"start":{"line":6,"column":14},"end":{"line":6,"column":44}},"6":{"start":{"line":7,"column":23},"end":{"line":7,"column":62}},"7":{"start":{"line":8,"column":22},"end":{"line":8,"column":60}},"8":{"start":{"line":10,"column":0},"end":{"line":10,"column":48}},"9":{"start":{"line":11,"column":0},"end":{"line":11,"column":24}},"10":{"start":{"line":12,"column":0},"end":{"line":12,"column":73}},"11":{"start":{"line":14,"column":0},"end":{"line":23,"column":2}},"12":{"start":{"line":15,"column":2},"end":{"line":22,"column":5}},"13":{"start":{"line":17,"column":4},"end":{"line":17,"column":22}},"14":{"start":{"line":20,"column":4},"end":{"line":20,"column":21}},"15":{"start":{"line":21,"column":4},"end":{"line":21,"column":18}},"16":{"start":{"line":25,"column":0},"end":{"line":35,"column":2}},"17":{"start":{"line":26,"column":2},"end":{"line":34,"column":4}},"18":{"start":{"line":28,"column":4},"end":{"line":28,"column":22}},"19":{"start":{"line":31,"column":4},"end":{"line":31,"column":46}},"20":{"start":{"line":32,"column":4},"end":{"line":32,"column":21}},"21":{"start":{"line":33,"column":4},"end":{"line":33,"column":18}},"22":{"start":{"line":37,"column":0},"end":{"line":46,"column":2}},"23":{"start":{"line":38,"column":2},"end":{"line":45,"column":4}},"24":{"start":{"line":40,"column":4},"end":{"line":40,"column":22}},"25":{"start":{"line":43,"column":4},"end":{"line":43,"column":21}},"26":{"start":{"line":44,"column":4},"end":{"line":44,"column":18}},"27":{"start":{"line":50,"column":0},"end":{"line":59,"column":2}},"28":{"start":{"line":51,"column":2},"end":{"line":58,"column":5}},"29":{"start":{"line":53,"column":4},"end":{"line":53,"column":22}},"30":{"start":{"line":56,"column":4},"end":{"line":56,"column":21}},"31":{"start":{"line":57,"column":4},"end":{"line":57,"column":18}},"32":{"start":{"line":63,"column":0},"end":{"line":63,"column":55}},"33":{"start":{"line":65,"column":0},"end":{"line":65,"column":21}}},"fnMap":{"0":{"name":"(anonymous_0)","decl":{"start":{"line":14,"column":36},"end":{"line":14,"column":37}},"loc":{"start":{"line":14,"column":50},"end":{"line":23,"column":1}},"line":14},"1":{"name":"(anonymous_1)","decl":{"start":{"line":16,"column":8},"end":{"line":16,"column":9}},"loc":{"start":{"line":16,"column":21},"end":{"line":18,"column":3}},"line":16},"2":{"name":"(anonymous_2)","decl":{"start":{"line":19,"column":9},"end":{"line":19,"column":10}},"loc":{"start":{"line":19,"column":18},"end":{"line":22,"column":3}},"line":19},"3":{"name":"(anonymous_3)","decl":{"start":{"line":25,"column":40},"end":{"line":25,"column":41}},"loc":{"start":{"line":25,"column":54},"end":{"line":35,"column":1}},"line":25},"4":{"name":"(anonymous_4)","decl":{"start":{"line":27,"column":8},"end":{"line":27,"column":9}},"loc":{"start":{"line":27,"column":21},"end":{"line":29,"column":3}},"line":27},"5":{"name":"(anonymous_5)","decl":{"start":{"line":30,"column":9},"end":{"line":30,"column":10}},"loc":{"start":{"line":30,"column":18},"end":{"line":34,"column":3}},"line":30},"6":{"name":"(anonymous_6)","decl":{"start":{"line":37,"column":42},"end":{"line":37,"column":43}},"loc":{"start":{"line":37,"column":56},"end":{"line":46,"column":1}},"line":37},"7":{"name":"(anonymous_7)","decl":{"start":{"line":39,"column":8},"end":{"line":39,"column":9}},"loc":{"start":{"line":39,"column":21},"end":{"line":41,"column":3}},"line":39},"8":{"name":"(anonymous_8)","decl":{"start":{"line":42,"column":9},"end":{"line":42,"column":10}},"loc":{"start":{"line":42,"column":18},"end":{"line":45,"column":3}},"line":42},"9":{"name":"(anonymous_9)","decl":{"start":{"line":50,"column":41},"end":{"line":50,"column":42}},"loc":{"start":{"line":50,"column":55},"end":{"line":59,"column":1}},"line":50},"10":{"name":"(anonymous_10)","decl":{"start":{"line":52,"column":8},"end":{"line":52,"column":9}},"loc":{"start":{"line":52,"column":21},"end":{"line":54,"column":3}},"line":52},"11":{"name":"(anonymous_11)","decl":{"start":{"line":55,"column":9},"end":{"line":55,"column":10}},"loc":{"start":{"line":55,"column":18},"end":{"line":58,"column":3}},"line":55}},"branchMap":{},"s":{"0":1,"1":1,"2":1,"3":1,"4":1,"5":1,"6":1,"7":1,"8":1,"9":1,"10":1,"11":1,"12":0,"13":0,"14":0,"15":0,"16":1,"17":0,"18":0,"19":0,"20":0,"21":0,"22":1,"23":0,"24":0,"25":0,"26":0,"27":1,"28":1,"29":1,"30":0,"31":0,"32":1,"33":1},"f":{"0":0,"1":0,"2":0,"3":0,"4":0,"5":0,"6":0,"7":0,"8":0,"9":1,"10":1,"11":0},"b":{},"_coverageSchema":"43e27e138ebf9cfc5966b082cf9a028302ed4184","hash":"116149332da914b99f2c9eb1d512e3c06b0285ee"}
,"/Users/janellebautista/Developer/Hack_Reactor/team_200_ok/bookings/server/db/index.js": {"path":"/Users/janellebautista/Developer/Hack_Reactor/team_200_ok/bookings/server/db/index.js","statementMap":{"0":{"start":{"line":1,"column":18},"end":{"line":1,"column":38}},"1":{"start":{"line":2,"column":19},"end":{"line":6,"column":2}},"2":{"start":{"line":8,"column":0},"end":{"line":15,"column":3}},"3":{"start":{"line":11,"column":4},"end":{"line":11,"column":52}},"4":{"start":{"line":14,"column":4},"end":{"line":14,"column":77}},"5":{"start":{"line":17,"column":17},"end":{"line":55,"column":2}},"6":{"start":{"line":57,"column":14},"end":{"line":80,"column":2}},"7":{"start":{"line":82,"column":23},"end":{"line":93,"column":2}},"8":{"start":{"line":95,"column":22},"end":{"line":133,"column":2}},"9":{"start":{"line":135,"column":0},"end":{"line":135,"column":35}},"10":{"start":{"line":136,"column":0},"end":{"line":136,"column":32}},"11":{"start":{"line":138,"column":0},"end":{"line":138,"column":18}},"12":{"start":{"line":140,"column":0},"end":{"line":145,"column":2}}},"fnMap":{"0":{"name":"(anonymous_0)","decl":{"start":{"line":10,"column":8},"end":{"line":10,"column":9}},"loc":{"start":{"line":10,"column":14},"end":{"line":12,"column":3}},"line":10},"1":{"name":"(anonymous_1)","decl":{"start":{"line":13,"column":9},"end":{"line":13,"column":10}},"loc":{"start":{"line":13,"column":18},"end":{"line":15,"column":1}},"line":13}},"branchMap":{},"s":{"0":1,"1":1,"2":1,"3":1,"4":0,"5":1,"6":1,"7":1,"8":1,"9":1,"10":1,"11":1,"12":1},"f":{"0":1,"1":0},"b":{},"_coverageSchema":"43e27e138ebf9cfc5966b082cf9a028302ed4184","hash":"187c154d64f5f90f9f2881a3a22fe7d045f51020"}
}
